/home/angelo/toychain-ros2/install/multiturtlebots_pkg/lib/python3.8/site-packages/multiturtlebots_pkg/__init__.py
/home/angelo/toychain-ros2/install/multiturtlebots_pkg/lib/python3.8/site-packages/multiturtlebots_pkg/spawn_turtlebot3.py
/home/angelo/toychain-ros2/install/multiturtlebots_pkg/lib/python3.8/site-packages/multiturtlebots_pkg/__pycache__/__init__.cpython-38.pyc
/home/angelo/toychain-ros2/install/multiturtlebots_pkg/lib/python3.8/site-packages/multiturtlebots_pkg/__pycache__/spawn_turtlebot3.cpython-38.pyc
/home/angelo/toychain-ros2/install/multiturtlebots_pkg/share/ament_index/resource_index/packages/multiturtlebots_pkg
/home/angelo/toychain-ros2/install/multiturtlebots_pkg/share/multiturtlebots_pkg/package.xml
/home/angelo/toychain-ros2/install/multiturtlebots_pkg/share/multiturtlebots_pkg/launch/multiturtlebots_arena.launch.py
/home/angelo/toychain-ros2/install/multiturtlebots_pkg/share/multiturtlebots_pkg/worlds/multiturtlebots_arena.world
/home/angelo/toychain-ros2/install/multiturtlebots_pkg/share/multiturtlebots_pkg/worlds/multiturtlebotsBC_arena.world
/home/angelo/toychain-ros2/install/multiturtlebots_pkg/share/multiturtlebots_pkg/models/turtlebot3_burger/
/home/angelo/toychain-ros2/install/multiturtlebots_pkg/share/multiturtlebots_pkg/models/multiturtlebots_arena.world
/home/angelo/toychain-ros2/install/multiturtlebots_pkg/share/multiturtlebots_pkg/models/multiturtlebotsBC_arena.world
/home/angelo/toychain-ros2/install/multiturtlebots_pkg/lib/python3.8/site-packages/multiturtlebots_pkg-0.0.0-py3.8.egg-info/SOURCES.txt
/home/angelo/toychain-ros2/install/multiturtlebots_pkg/lib/python3.8/site-packages/multiturtlebots_pkg-0.0.0-py3.8.egg-info/PKG-INFO
/home/angelo/toychain-ros2/install/multiturtlebots_pkg/lib/python3.8/site-packages/multiturtlebots_pkg-0.0.0-py3.8.egg-info/top_level.txt
/home/angelo/toychain-ros2/install/multiturtlebots_pkg/lib/python3.8/site-packages/multiturtlebots_pkg-0.0.0-py3.8.egg-info/requires.txt
/home/angelo/toychain-ros2/install/multiturtlebots_pkg/lib/python3.8/site-packages/multiturtlebots_pkg-0.0.0-py3.8.egg-info/entry_points.txt
/home/angelo/toychain-ros2/install/multiturtlebots_pkg/lib/python3.8/site-packages/multiturtlebots_pkg-0.0.0-py3.8.egg-info/dependency_links.txt
/home/angelo/toychain-ros2/install/multiturtlebots_pkg/lib/python3.8/site-packages/multiturtlebots_pkg-0.0.0-py3.8.egg-info/zip-safe
/home/angelo/toychain-ros2/install/multiturtlebots_pkg/lib/multiturtlebots_pkg/spawn_turtlebot3
