running egg_info
creating ../../build/multiturtlebots_pkg/multiturtlebots_pkg.egg-info
writing ../../build/multiturtlebots_pkg/multiturtlebots_pkg.egg-info/PKG-INFO
writing dependency_links to ../../build/multiturtlebots_pkg/multiturtlebots_pkg.egg-info/dependency_links.txt
writing entry points to ../../build/multiturtlebots_pkg/multiturtlebots_pkg.egg-info/entry_points.txt
writing requirements to ../../build/multiturtlebots_pkg/multiturtlebots_pkg.egg-info/requires.txt
writing top-level names to ../../build/multiturtlebots_pkg/multiturtlebots_pkg.egg-info/top_level.txt
writing manifest file '../../build/multiturtlebots_pkg/multiturtlebots_pkg.egg-info/SOURCES.txt'
reading manifest file '../../build/multiturtlebots_pkg/multiturtlebots_pkg.egg-info/SOURCES.txt'
writing manifest file '../../build/multiturtlebots_pkg/multiturtlebots_pkg.egg-info/SOURCES.txt'
running build
running build_py
creating /home/angelo/toychain-ros2/build/multiturtlebots_pkg/build
creating /home/angelo/toychain-ros2/build/multiturtlebots_pkg/build/lib
creating /home/angelo/toychain-ros2/build/multiturtlebots_pkg/build/lib/multiturtlebots_pkg
copying multiturtlebots_pkg/__init__.py -> /home/angelo/toychain-ros2/build/multiturtlebots_pkg/build/lib/multiturtlebots_pkg
copying multiturtlebots_pkg/spawn_turtlebot3.py -> /home/angelo/toychain-ros2/build/multiturtlebots_pkg/build/lib/multiturtlebots_pkg
running install
running install_lib
creating /home/angelo/toychain-ros2/install/multiturtlebots_pkg/lib/python3.8/site-packages/multiturtlebots_pkg
copying /home/angelo/toychain-ros2/build/multiturtlebots_pkg/build/lib/multiturtlebots_pkg/__init__.py -> /home/angelo/toychain-ros2/install/multiturtlebots_pkg/lib/python3.8/site-packages/multiturtlebots_pkg
copying /home/angelo/toychain-ros2/build/multiturtlebots_pkg/build/lib/multiturtlebots_pkg/spawn_turtlebot3.py -> /home/angelo/toychain-ros2/install/multiturtlebots_pkg/lib/python3.8/site-packages/multiturtlebots_pkg
byte-compiling /home/angelo/toychain-ros2/install/multiturtlebots_pkg/lib/python3.8/site-packages/multiturtlebots_pkg/__init__.py to __init__.cpython-38.pyc
byte-compiling /home/angelo/toychain-ros2/install/multiturtlebots_pkg/lib/python3.8/site-packages/multiturtlebots_pkg/spawn_turtlebot3.py to spawn_turtlebot3.cpython-38.pyc
running install_data
creating /home/angelo/toychain-ros2/install/multiturtlebots_pkg/share/ament_index
creating /home/angelo/toychain-ros2/install/multiturtlebots_pkg/share/ament_index/resource_index
creating /home/angelo/toychain-ros2/install/multiturtlebots_pkg/share/ament_index/resource_index/packages
copying resource/multiturtlebots_pkg -> /home/angelo/toychain-ros2/install/multiturtlebots_pkg/share/ament_index/resource_index/packages
copying package.xml -> /home/angelo/toychain-ros2/install/multiturtlebots_pkg/share/multiturtlebots_pkg
creating /home/angelo/toychain-ros2/install/multiturtlebots_pkg/share/multiturtlebots_pkg/launch
copying launch/multiturtlebots_arena.launch.py -> /home/angelo/toychain-ros2/install/multiturtlebots_pkg/share/multiturtlebots_pkg/launch
creating /home/angelo/toychain-ros2/install/multiturtlebots_pkg/share/multiturtlebots_pkg/worlds
copying ./worlds/multiturtlebots_arena.world -> /home/angelo/toychain-ros2/install/multiturtlebots_pkg/share/multiturtlebots_pkg/worlds/
copying ./worlds/multiturtlebotsBC_arena.world -> /home/angelo/toychain-ros2/install/multiturtlebots_pkg/share/multiturtlebots_pkg/worlds/
creating /home/angelo/toychain-ros2/install/multiturtlebots_pkg/share/multiturtlebots_pkg/models
creating /home/angelo/toychain-ros2/install/multiturtlebots_pkg/share/multiturtlebots_pkg/models/turtlebot3_burger
copying ./worlds/multiturtlebots_arena.world -> /home/angelo/toychain-ros2/install/multiturtlebots_pkg/share/multiturtlebots_pkg/models/
copying ./worlds/multiturtlebotsBC_arena.world -> /home/angelo/toychain-ros2/install/multiturtlebots_pkg/share/multiturtlebots_pkg/models/
running install_egg_info
Copying ../../build/multiturtlebots_pkg/multiturtlebots_pkg.egg-info to /home/angelo/toychain-ros2/install/multiturtlebots_pkg/lib/python3.8/site-packages/multiturtlebots_pkg-0.0.0-py3.8.egg-info
running install_scripts
Installing spawn_turtlebot3 script to /home/angelo/toychain-ros2/install/multiturtlebots_pkg/lib/multiturtlebots_pkg
writing list of installed files to '/home/angelo/toychain-ros2/build/multiturtlebots_pkg/install.log'
