[1.014s] Invoking command in '/home/angelo/toychain-ros2/src/multiturtlebots_pkg': PYTHONPATH=/home/angelo/toychain-ros2/build/multiturtlebots_pkg/prefix_override:/home/angelo/toychain-ros2/install/multiturtlebots_pkg/lib/python3.8/site-packages:${PYTHONPATH} /usr/bin/python3 setup.py egg_info --egg-base ../../build/multiturtlebots_pkg build --build-base /home/angelo/toychain-ros2/build/multiturtlebots_pkg/build install --record /home/angelo/toychain-ros2/build/multiturtlebots_pkg/install.log --install-scripts $base/lib/multiturtlebots_pkg --single-version-externally-managed
[1.258s] running egg_info
[1.259s] creating ../../build/multiturtlebots_pkg/multiturtlebots_pkg.egg-info
[1.259s] writing ../../build/multiturtlebots_pkg/multiturtlebots_pkg.egg-info/PKG-INFO
[1.259s] writing dependency_links to ../../build/multiturtlebots_pkg/multiturtlebots_pkg.egg-info/dependency_links.txt
[1.259s] writing entry points to ../../build/multiturtlebots_pkg/multiturtlebots_pkg.egg-info/entry_points.txt
[1.260s] writing requirements to ../../build/multiturtlebots_pkg/multiturtlebots_pkg.egg-info/requires.txt
[1.260s] writing top-level names to ../../build/multiturtlebots_pkg/multiturtlebots_pkg.egg-info/top_level.txt
[1.261s] writing manifest file '../../build/multiturtlebots_pkg/multiturtlebots_pkg.egg-info/SOURCES.txt'
[1.295s] reading manifest file '../../build/multiturtlebots_pkg/multiturtlebots_pkg.egg-info/SOURCES.txt'
[1.296s] writing manifest file '../../build/multiturtlebots_pkg/multiturtlebots_pkg.egg-info/SOURCES.txt'
[1.296s] running build
[1.296s] running build_py
[1.296s] creating /home/angelo/toychain-ros2/build/multiturtlebots_pkg/build
[1.296s] creating /home/angelo/toychain-ros2/build/multiturtlebots_pkg/build/lib
[1.297s] creating /home/angelo/toychain-ros2/build/multiturtlebots_pkg/build/lib/multiturtlebots_pkg
[1.297s] copying multiturtlebots_pkg/__init__.py -> /home/angelo/toychain-ros2/build/multiturtlebots_pkg/build/lib/multiturtlebots_pkg
[1.297s] copying multiturtlebots_pkg/spawn_turtlebot3.py -> /home/angelo/toychain-ros2/build/multiturtlebots_pkg/build/lib/multiturtlebots_pkg
[1.297s] running install
[1.297s] running install_lib
[1.298s] creating /home/angelo/toychain-ros2/install/multiturtlebots_pkg/lib/python3.8/site-packages/multiturtlebots_pkg
[1.299s] copying /home/angelo/toychain-ros2/build/multiturtlebots_pkg/build/lib/multiturtlebots_pkg/__init__.py -> /home/angelo/toychain-ros2/install/multiturtlebots_pkg/lib/python3.8/site-packages/multiturtlebots_pkg
[1.299s] copying /home/angelo/toychain-ros2/build/multiturtlebots_pkg/build/lib/multiturtlebots_pkg/spawn_turtlebot3.py -> /home/angelo/toychain-ros2/install/multiturtlebots_pkg/lib/python3.8/site-packages/multiturtlebots_pkg
[1.299s] byte-compiling /home/angelo/toychain-ros2/install/multiturtlebots_pkg/lib/python3.8/site-packages/multiturtlebots_pkg/__init__.py to __init__.cpython-38.pyc
[1.300s] byte-compiling /home/angelo/toychain-ros2/install/multiturtlebots_pkg/lib/python3.8/site-packages/multiturtlebots_pkg/spawn_turtlebot3.py to spawn_turtlebot3.cpython-38.pyc
[1.301s] running install_data
[1.302s] creating /home/angelo/toychain-ros2/install/multiturtlebots_pkg/share/ament_index
[1.302s] creating /home/angelo/toychain-ros2/install/multiturtlebots_pkg/share/ament_index/resource_index
[1.302s] creating /home/angelo/toychain-ros2/install/multiturtlebots_pkg/share/ament_index/resource_index/packages
[1.302s] copying resource/multiturtlebots_pkg -> /home/angelo/toychain-ros2/install/multiturtlebots_pkg/share/ament_index/resource_index/packages
[1.303s] copying package.xml -> /home/angelo/toychain-ros2/install/multiturtlebots_pkg/share/multiturtlebots_pkg
[1.303s] creating /home/angelo/toychain-ros2/install/multiturtlebots_pkg/share/multiturtlebots_pkg/launch
[1.303s] copying launch/multiturtlebots_arena.launch.py -> /home/angelo/toychain-ros2/install/multiturtlebots_pkg/share/multiturtlebots_pkg/launch
[1.304s] creating /home/angelo/toychain-ros2/install/multiturtlebots_pkg/share/multiturtlebots_pkg/worlds
[1.304s] copying ./worlds/multiturtlebots_arena.world -> /home/angelo/toychain-ros2/install/multiturtlebots_pkg/share/multiturtlebots_pkg/worlds/
[1.305s] copying ./worlds/multiturtlebotsBC_arena.world -> /home/angelo/toychain-ros2/install/multiturtlebots_pkg/share/multiturtlebots_pkg/worlds/
[1.305s] creating /home/angelo/toychain-ros2/install/multiturtlebots_pkg/share/multiturtlebots_pkg/models
[1.305s] creating /home/angelo/toychain-ros2/install/multiturtlebots_pkg/share/multiturtlebots_pkg/models/turtlebot3_burger
[1.305s] copying ./worlds/multiturtlebots_arena.world -> /home/angelo/toychain-ros2/install/multiturtlebots_pkg/share/multiturtlebots_pkg/models/
[1.306s] copying ./worlds/multiturtlebotsBC_arena.world -> /home/angelo/toychain-ros2/install/multiturtlebots_pkg/share/multiturtlebots_pkg/models/
[1.306s] running install_egg_info
[1.308s] Copying ../../build/multiturtlebots_pkg/multiturtlebots_pkg.egg-info to /home/angelo/toychain-ros2/install/multiturtlebots_pkg/lib/python3.8/site-packages/multiturtlebots_pkg-0.0.0-py3.8.egg-info
[1.308s] running install_scripts
[1.324s] Installing spawn_turtlebot3 script to /home/angelo/toychain-ros2/install/multiturtlebots_pkg/lib/multiturtlebots_pkg
[1.325s] writing list of installed files to '/home/angelo/toychain-ros2/build/multiturtlebots_pkg/install.log'
[1.361s] Invoked command in '/home/angelo/toychain-ros2/src/multiturtlebots_pkg' returned '0': PYTHONPATH=/home/angelo/toychain-ros2/build/multiturtlebots_pkg/prefix_override:/home/angelo/toychain-ros2/install/multiturtlebots_pkg/lib/python3.8/site-packages:${PYTHONPATH} /usr/bin/python3 setup.py egg_info --egg-base ../../build/multiturtlebots_pkg build --build-base /home/angelo/toychain-ros2/build/multiturtlebots_pkg/build install --record /home/angelo/toychain-ros2/build/multiturtlebots_pkg/install.log --install-scripts $base/lib/multiturtlebots_pkg --single-version-externally-managed
