/home/angelo/toychain-ros2/install/multiturtlebots_controller_pkg/lib/python3.8/site-packages/multiturtlebots_controller_pkg/__init__.py
/home/angelo/toychain-ros2/install/multiturtlebots_controller_pkg/lib/python3.8/site-packages/multiturtlebots_controller_pkg/robot_estimator_1.py
/home/angelo/toychain-ros2/install/multiturtlebots_controller_pkg/lib/python3.8/site-packages/multiturtlebots_controller_pkg/odometry_noise_5.py
/home/angelo/toychain-ros2/install/multiturtlebots_controller_pkg/lib/python3.8/site-packages/multiturtlebots_controller_pkg/odometry_noise_8.py
/home/angelo/toychain-ros2/install/multiturtlebots_controller_pkg/lib/python3.8/site-packages/multiturtlebots_controller_pkg/odometry_noise_3.py
/home/angelo/toychain-ros2/install/multiturtlebots_controller_pkg/lib/python3.8/site-packages/multiturtlebots_controller_pkg/robot_estimator_8.py
/home/angelo/toychain-ros2/install/multiturtlebots_controller_pkg/lib/python3.8/site-packages/multiturtlebots_controller_pkg/robot_controller_2.py
/home/angelo/toychain-ros2/install/multiturtlebots_controller_pkg/lib/python3.8/site-packages/multiturtlebots_controller_pkg/robot_controller_8.py
/home/angelo/toychain-ros2/install/multiturtlebots_controller_pkg/lib/python3.8/site-packages/multiturtlebots_controller_pkg/odometry_noise_1.py
/home/angelo/toychain-ros2/install/multiturtlebots_controller_pkg/lib/python3.8/site-packages/multiturtlebots_controller_pkg/robot_controller_4.py
/home/angelo/toychain-ros2/install/multiturtlebots_controller_pkg/lib/python3.8/site-packages/multiturtlebots_controller_pkg/robot_estimator_6.py
/home/angelo/toychain-ros2/install/multiturtlebots_controller_pkg/lib/python3.8/site-packages/multiturtlebots_controller_pkg/odometry_noise_2.py
/home/angelo/toychain-ros2/install/multiturtlebots_controller_pkg/lib/python3.8/site-packages/multiturtlebots_controller_pkg/odometry_noise_7.py
/home/angelo/toychain-ros2/install/multiturtlebots_controller_pkg/lib/python3.8/site-packages/multiturtlebots_controller_pkg/robot_estimator_5.py
/home/angelo/toychain-ros2/install/multiturtlebots_controller_pkg/lib/python3.8/site-packages/multiturtlebots_controller_pkg/odometry_noise_4.py
/home/angelo/toychain-ros2/install/multiturtlebots_controller_pkg/lib/python3.8/site-packages/multiturtlebots_controller_pkg/robot_estimator_4.py
/home/angelo/toychain-ros2/install/multiturtlebots_controller_pkg/lib/python3.8/site-packages/multiturtlebots_controller_pkg/robot_estimator_7.py
/home/angelo/toychain-ros2/install/multiturtlebots_controller_pkg/lib/python3.8/site-packages/multiturtlebots_controller_pkg/robot_controller_3.py
/home/angelo/toychain-ros2/install/multiturtlebots_controller_pkg/lib/python3.8/site-packages/multiturtlebots_controller_pkg/robot_controller_1.py
/home/angelo/toychain-ros2/install/multiturtlebots_controller_pkg/lib/python3.8/site-packages/multiturtlebots_controller_pkg/robot_estimator_3.py
/home/angelo/toychain-ros2/install/multiturtlebots_controller_pkg/lib/python3.8/site-packages/multiturtlebots_controller_pkg/robot_controller_6.py
/home/angelo/toychain-ros2/install/multiturtlebots_controller_pkg/lib/python3.8/site-packages/multiturtlebots_controller_pkg/odometry_noise_6.py
/home/angelo/toychain-ros2/install/multiturtlebots_controller_pkg/lib/python3.8/site-packages/multiturtlebots_controller_pkg/robot_controller_7.py
/home/angelo/toychain-ros2/install/multiturtlebots_controller_pkg/lib/python3.8/site-packages/multiturtlebots_controller_pkg/robot_estimator_2.py
/home/angelo/toychain-ros2/install/multiturtlebots_controller_pkg/lib/python3.8/site-packages/multiturtlebots_controller_pkg/robot_controller_5.py
/home/angelo/toychain-ros2/install/multiturtlebots_controller_pkg/lib/python3.8/site-packages/multiturtlebots_controller_pkg/__pycache__/__init__.cpython-38.pyc
/home/angelo/toychain-ros2/install/multiturtlebots_controller_pkg/lib/python3.8/site-packages/multiturtlebots_controller_pkg/__pycache__/robot_estimator_1.cpython-38.pyc
/home/angelo/toychain-ros2/install/multiturtlebots_controller_pkg/lib/python3.8/site-packages/multiturtlebots_controller_pkg/__pycache__/odometry_noise_5.cpython-38.pyc
/home/angelo/toychain-ros2/install/multiturtlebots_controller_pkg/lib/python3.8/site-packages/multiturtlebots_controller_pkg/__pycache__/odometry_noise_8.cpython-38.pyc
/home/angelo/toychain-ros2/install/multiturtlebots_controller_pkg/lib/python3.8/site-packages/multiturtlebots_controller_pkg/__pycache__/odometry_noise_3.cpython-38.pyc
/home/angelo/toychain-ros2/install/multiturtlebots_controller_pkg/lib/python3.8/site-packages/multiturtlebots_controller_pkg/__pycache__/robot_estimator_8.cpython-38.pyc
/home/angelo/toychain-ros2/install/multiturtlebots_controller_pkg/lib/python3.8/site-packages/multiturtlebots_controller_pkg/__pycache__/robot_controller_2.cpython-38.pyc
/home/angelo/toychain-ros2/install/multiturtlebots_controller_pkg/lib/python3.8/site-packages/multiturtlebots_controller_pkg/__pycache__/robot_controller_8.cpython-38.pyc
/home/angelo/toychain-ros2/install/multiturtlebots_controller_pkg/lib/python3.8/site-packages/multiturtlebots_controller_pkg/__pycache__/odometry_noise_1.cpython-38.pyc
/home/angelo/toychain-ros2/install/multiturtlebots_controller_pkg/lib/python3.8/site-packages/multiturtlebots_controller_pkg/__pycache__/robot_controller_4.cpython-38.pyc
/home/angelo/toychain-ros2/install/multiturtlebots_controller_pkg/lib/python3.8/site-packages/multiturtlebots_controller_pkg/__pycache__/robot_estimator_6.cpython-38.pyc
/home/angelo/toychain-ros2/install/multiturtlebots_controller_pkg/lib/python3.8/site-packages/multiturtlebots_controller_pkg/__pycache__/odometry_noise_2.cpython-38.pyc
/home/angelo/toychain-ros2/install/multiturtlebots_controller_pkg/lib/python3.8/site-packages/multiturtlebots_controller_pkg/__pycache__/odometry_noise_7.cpython-38.pyc
/home/angelo/toychain-ros2/install/multiturtlebots_controller_pkg/lib/python3.8/site-packages/multiturtlebots_controller_pkg/__pycache__/robot_estimator_5.cpython-38.pyc
/home/angelo/toychain-ros2/install/multiturtlebots_controller_pkg/lib/python3.8/site-packages/multiturtlebots_controller_pkg/__pycache__/odometry_noise_4.cpython-38.pyc
/home/angelo/toychain-ros2/install/multiturtlebots_controller_pkg/lib/python3.8/site-packages/multiturtlebots_controller_pkg/__pycache__/robot_estimator_4.cpython-38.pyc
/home/angelo/toychain-ros2/install/multiturtlebots_controller_pkg/lib/python3.8/site-packages/multiturtlebots_controller_pkg/__pycache__/robot_estimator_7.cpython-38.pyc
/home/angelo/toychain-ros2/install/multiturtlebots_controller_pkg/lib/python3.8/site-packages/multiturtlebots_controller_pkg/__pycache__/robot_controller_3.cpython-38.pyc
/home/angelo/toychain-ros2/install/multiturtlebots_controller_pkg/lib/python3.8/site-packages/multiturtlebots_controller_pkg/__pycache__/robot_controller_1.cpython-38.pyc
/home/angelo/toychain-ros2/install/multiturtlebots_controller_pkg/lib/python3.8/site-packages/multiturtlebots_controller_pkg/__pycache__/robot_estimator_3.cpython-38.pyc
/home/angelo/toychain-ros2/install/multiturtlebots_controller_pkg/lib/python3.8/site-packages/multiturtlebots_controller_pkg/__pycache__/robot_controller_6.cpython-38.pyc
/home/angelo/toychain-ros2/install/multiturtlebots_controller_pkg/lib/python3.8/site-packages/multiturtlebots_controller_pkg/__pycache__/odometry_noise_6.cpython-38.pyc
/home/angelo/toychain-ros2/install/multiturtlebots_controller_pkg/lib/python3.8/site-packages/multiturtlebots_controller_pkg/__pycache__/robot_controller_7.cpython-38.pyc
/home/angelo/toychain-ros2/install/multiturtlebots_controller_pkg/lib/python3.8/site-packages/multiturtlebots_controller_pkg/__pycache__/robot_estimator_2.cpython-38.pyc
/home/angelo/toychain-ros2/install/multiturtlebots_controller_pkg/lib/python3.8/site-packages/multiturtlebots_controller_pkg/__pycache__/robot_controller_5.cpython-38.pyc
/home/angelo/toychain-ros2/install/multiturtlebots_controller_pkg/share/ament_index/resource_index/packages/multiturtlebots_controller_pkg
/home/angelo/toychain-ros2/install/multiturtlebots_controller_pkg/share/multiturtlebots_controller_pkg/package.xml
/home/angelo/toychain-ros2/install/multiturtlebots_controller_pkg/share/multiturtlebots_controller_pkg/controller_estimator.launch.py
/home/angelo/toychain-ros2/install/multiturtlebots_controller_pkg/share/cslam_interfaces/cslam_common_interfaces
/home/angelo/toychain-ros2/install/multiturtlebots_controller_pkg/lib/python3.8/site-packages/multiturtlebots_controller_pkg-0.0.0-py3.8.egg-info/SOURCES.txt
/home/angelo/toychain-ros2/install/multiturtlebots_controller_pkg/lib/python3.8/site-packages/multiturtlebots_controller_pkg-0.0.0-py3.8.egg-info/PKG-INFO
/home/angelo/toychain-ros2/install/multiturtlebots_controller_pkg/lib/python3.8/site-packages/multiturtlebots_controller_pkg-0.0.0-py3.8.egg-info/top_level.txt
/home/angelo/toychain-ros2/install/multiturtlebots_controller_pkg/lib/python3.8/site-packages/multiturtlebots_controller_pkg-0.0.0-py3.8.egg-info/requires.txt
/home/angelo/toychain-ros2/install/multiturtlebots_controller_pkg/lib/python3.8/site-packages/multiturtlebots_controller_pkg-0.0.0-py3.8.egg-info/entry_points.txt
/home/angelo/toychain-ros2/install/multiturtlebots_controller_pkg/lib/python3.8/site-packages/multiturtlebots_controller_pkg-0.0.0-py3.8.egg-info/dependency_links.txt
/home/angelo/toychain-ros2/install/multiturtlebots_controller_pkg/lib/python3.8/site-packages/multiturtlebots_controller_pkg-0.0.0-py3.8.egg-info/zip-safe
/home/angelo/toychain-ros2/install/multiturtlebots_controller_pkg/lib/multiturtlebots_controller_pkg/odometry_noise_1
/home/angelo/toychain-ros2/install/multiturtlebots_controller_pkg/lib/multiturtlebots_controller_pkg/odometry_noise_2
/home/angelo/toychain-ros2/install/multiturtlebots_controller_pkg/lib/multiturtlebots_controller_pkg/odometry_noise_3
/home/angelo/toychain-ros2/install/multiturtlebots_controller_pkg/lib/multiturtlebots_controller_pkg/odometry_noise_4
/home/angelo/toychain-ros2/install/multiturtlebots_controller_pkg/lib/multiturtlebots_controller_pkg/odometry_noise_5
/home/angelo/toychain-ros2/install/multiturtlebots_controller_pkg/lib/multiturtlebots_controller_pkg/odometry_noise_6
/home/angelo/toychain-ros2/install/multiturtlebots_controller_pkg/lib/multiturtlebots_controller_pkg/odometry_noise_7
/home/angelo/toychain-ros2/install/multiturtlebots_controller_pkg/lib/multiturtlebots_controller_pkg/odometry_noise_8
/home/angelo/toychain-ros2/install/multiturtlebots_controller_pkg/lib/multiturtlebots_controller_pkg/robot_controller_1
/home/angelo/toychain-ros2/install/multiturtlebots_controller_pkg/lib/multiturtlebots_controller_pkg/robot_controller_2
/home/angelo/toychain-ros2/install/multiturtlebots_controller_pkg/lib/multiturtlebots_controller_pkg/robot_controller_3
/home/angelo/toychain-ros2/install/multiturtlebots_controller_pkg/lib/multiturtlebots_controller_pkg/robot_controller_4
/home/angelo/toychain-ros2/install/multiturtlebots_controller_pkg/lib/multiturtlebots_controller_pkg/robot_controller_5
/home/angelo/toychain-ros2/install/multiturtlebots_controller_pkg/lib/multiturtlebots_controller_pkg/robot_controller_6
/home/angelo/toychain-ros2/install/multiturtlebots_controller_pkg/lib/multiturtlebots_controller_pkg/robot_controller_7
/home/angelo/toychain-ros2/install/multiturtlebots_controller_pkg/lib/multiturtlebots_controller_pkg/robot_controller_8
/home/angelo/toychain-ros2/install/multiturtlebots_controller_pkg/lib/multiturtlebots_controller_pkg/robot_estimator_1
/home/angelo/toychain-ros2/install/multiturtlebots_controller_pkg/lib/multiturtlebots_controller_pkg/robot_estimator_2
/home/angelo/toychain-ros2/install/multiturtlebots_controller_pkg/lib/multiturtlebots_controller_pkg/robot_estimator_3
/home/angelo/toychain-ros2/install/multiturtlebots_controller_pkg/lib/multiturtlebots_controller_pkg/robot_estimator_4
/home/angelo/toychain-ros2/install/multiturtlebots_controller_pkg/lib/multiturtlebots_controller_pkg/robot_estimator_5
/home/angelo/toychain-ros2/install/multiturtlebots_controller_pkg/lib/multiturtlebots_controller_pkg/robot_estimator_6
/home/angelo/toychain-ros2/install/multiturtlebots_controller_pkg/lib/multiturtlebots_controller_pkg/robot_estimator_7
/home/angelo/toychain-ros2/install/multiturtlebots_controller_pkg/lib/multiturtlebots_controller_pkg/robot_estimator_8
