running egg_info
writing ../../build/multiturtlebots_controller_pkg/multiturtlebots_controller_pkg.egg-info/PKG-INFO
writing dependency_links to ../../build/multiturtlebots_controller_pkg/multiturtlebots_controller_pkg.egg-info/dependency_links.txt
writing entry points to ../../build/multiturtlebots_controller_pkg/multiturtlebots_controller_pkg.egg-info/entry_points.txt
writing requirements to ../../build/multiturtlebots_controller_pkg/multiturtlebots_controller_pkg.egg-info/requires.txt
writing top-level names to ../../build/multiturtlebots_controller_pkg/multiturtlebots_controller_pkg.egg-info/top_level.txt
reading manifest file '../../build/multiturtlebots_controller_pkg/multiturtlebots_controller_pkg.egg-info/SOURCES.txt'
writing manifest file '../../build/multiturtlebots_controller_pkg/multiturtlebots_controller_pkg.egg-info/SOURCES.txt'
running build
running build_py
running install
running install_lib
running install_data
running install_egg_info
removing '/home/angelo/toychain-ros2/install/multiturtlebots_controller_pkg/lib/python3.8/site-packages/multiturtlebots_controller_pkg-0.0.0-py3.8.egg-info' (and everything under it)
Copying ../../build/multiturtlebots_controller_pkg/multiturtlebots_controller_pkg.egg-info to /home/angelo/toychain-ros2/install/multiturtlebots_controller_pkg/lib/python3.8/site-packages/multiturtlebots_controller_pkg-0.0.0-py3.8.egg-info
running install_scripts
Installing odometry_noise_1 script to /home/angelo/toychain-ros2/install/multiturtlebots_controller_pkg/lib/multiturtlebots_controller_pkg
Installing odometry_noise_2 script to /home/angelo/toychain-ros2/install/multiturtlebots_controller_pkg/lib/multiturtlebots_controller_pkg
Installing odometry_noise_3 script to /home/angelo/toychain-ros2/install/multiturtlebots_controller_pkg/lib/multiturtlebots_controller_pkg
Installing odometry_noise_4 script to /home/angelo/toychain-ros2/install/multiturtlebots_controller_pkg/lib/multiturtlebots_controller_pkg
Installing odometry_noise_5 script to /home/angelo/toychain-ros2/install/multiturtlebots_controller_pkg/lib/multiturtlebots_controller_pkg
Installing odometry_noise_6 script to /home/angelo/toychain-ros2/install/multiturtlebots_controller_pkg/lib/multiturtlebots_controller_pkg
Installing odometry_noise_7 script to /home/angelo/toychain-ros2/install/multiturtlebots_controller_pkg/lib/multiturtlebots_controller_pkg
Installing odometry_noise_8 script to /home/angelo/toychain-ros2/install/multiturtlebots_controller_pkg/lib/multiturtlebots_controller_pkg
Installing robot_controller_1 script to /home/angelo/toychain-ros2/install/multiturtlebots_controller_pkg/lib/multiturtlebots_controller_pkg
Installing robot_controller_2 script to /home/angelo/toychain-ros2/install/multiturtlebots_controller_pkg/lib/multiturtlebots_controller_pkg
Installing robot_controller_3 script to /home/angelo/toychain-ros2/install/multiturtlebots_controller_pkg/lib/multiturtlebots_controller_pkg
Installing robot_controller_4 script to /home/angelo/toychain-ros2/install/multiturtlebots_controller_pkg/lib/multiturtlebots_controller_pkg
Installing robot_controller_5 script to /home/angelo/toychain-ros2/install/multiturtlebots_controller_pkg/lib/multiturtlebots_controller_pkg
Installing robot_controller_6 script to /home/angelo/toychain-ros2/install/multiturtlebots_controller_pkg/lib/multiturtlebots_controller_pkg
Installing robot_controller_7 script to /home/angelo/toychain-ros2/install/multiturtlebots_controller_pkg/lib/multiturtlebots_controller_pkg
Installing robot_controller_8 script to /home/angelo/toychain-ros2/install/multiturtlebots_controller_pkg/lib/multiturtlebots_controller_pkg
Installing robot_estimator_1 script to /home/angelo/toychain-ros2/install/multiturtlebots_controller_pkg/lib/multiturtlebots_controller_pkg
Installing robot_estimator_2 script to /home/angelo/toychain-ros2/install/multiturtlebots_controller_pkg/lib/multiturtlebots_controller_pkg
Installing robot_estimator_3 script to /home/angelo/toychain-ros2/install/multiturtlebots_controller_pkg/lib/multiturtlebots_controller_pkg
Installing robot_estimator_4 script to /home/angelo/toychain-ros2/install/multiturtlebots_controller_pkg/lib/multiturtlebots_controller_pkg
Installing robot_estimator_5 script to /home/angelo/toychain-ros2/install/multiturtlebots_controller_pkg/lib/multiturtlebots_controller_pkg
Installing robot_estimator_6 script to /home/angelo/toychain-ros2/install/multiturtlebots_controller_pkg/lib/multiturtlebots_controller_pkg
Installing robot_estimator_7 script to /home/angelo/toychain-ros2/install/multiturtlebots_controller_pkg/lib/multiturtlebots_controller_pkg
Installing robot_estimator_8 script to /home/angelo/toychain-ros2/install/multiturtlebots_controller_pkg/lib/multiturtlebots_controller_pkg
writing list of installed files to '/home/angelo/toychain-ros2/build/multiturtlebots_controller_pkg/install.log'
