[1.329s] Invoking command in '/home/angelo/toychain-ros2/src/blockchain_controller_pkg': PYTHONPATH=/home/angelo/toychain-ros2/build/blockchain_controller_pkg/prefix_override:/home/angelo/toychain-ros2/install/blockchain_controller_pkg/lib/python3.8/site-packages:${PYTHONPATH} /usr/bin/python3 setup.py egg_info --egg-base ../../build/blockchain_controller_pkg build --build-base /home/angelo/toychain-ros2/build/blockchain_controller_pkg/build install --record /home/angelo/toychain-ros2/build/blockchain_controller_pkg/install.log --install-scripts $base/lib/blockchain_controller_pkg --single-version-externally-managed
[1.543s] running egg_info
[1.543s] writing ../../build/blockchain_controller_pkg/blockchain_controller_pkg.egg-info/PKG-INFO
[1.544s] writing dependency_links to ../../build/blockchain_controller_pkg/blockchain_controller_pkg.egg-info/dependency_links.txt
[1.544s] writing entry points to ../../build/blockchain_controller_pkg/blockchain_controller_pkg.egg-info/entry_points.txt
[1.544s] writing requirements to ../../build/blockchain_controller_pkg/blockchain_controller_pkg.egg-info/requires.txt
[1.544s] writing top-level names to ../../build/blockchain_controller_pkg/blockchain_controller_pkg.egg-info/top_level.txt
[1.575s] reading manifest file '../../build/blockchain_controller_pkg/blockchain_controller_pkg.egg-info/SOURCES.txt'
[1.576s] writing manifest file '../../build/blockchain_controller_pkg/blockchain_controller_pkg.egg-info/SOURCES.txt'
[1.576s] running build
[1.577s] running build_py
[1.577s] running install
[1.578s] running install_lib
[1.579s] running install_data
[1.579s] running install_egg_info
[1.581s] removing '/home/angelo/toychain-ros2/install/blockchain_controller_pkg/lib/python3.8/site-packages/blockchain_controller_pkg-0.0.0-py3.8.egg-info' (and everything under it)
[1.581s] Copying ../../build/blockchain_controller_pkg/blockchain_controller_pkg.egg-info to /home/angelo/toychain-ros2/install/blockchain_controller_pkg/lib/python3.8/site-packages/blockchain_controller_pkg-0.0.0-py3.8.egg-info
[1.582s] running install_scripts
[1.598s] Installing BC_controller script to /home/angelo/toychain-ros2/install/blockchain_controller_pkg/lib/blockchain_controller_pkg
[1.598s] writing list of installed files to '/home/angelo/toychain-ros2/build/blockchain_controller_pkg/install.log'
[1.621s] Invoked command in '/home/angelo/toychain-ros2/src/blockchain_controller_pkg' returned '0': PYTHONPATH=/home/angelo/toychain-ros2/build/blockchain_controller_pkg/prefix_override:/home/angelo/toychain-ros2/install/blockchain_controller_pkg/lib/python3.8/site-packages:${PYTHONPATH} /usr/bin/python3 setup.py egg_info --egg-base ../../build/blockchain_controller_pkg build --build-base /home/angelo/toychain-ros2/build/blockchain_controller_pkg/build install --record /home/angelo/toychain-ros2/build/blockchain_controller_pkg/install.log --install-scripts $base/lib/blockchain_controller_pkg --single-version-externally-managed
