[1.325s] Invoking command in '/home/angelo/toychain-ros2/src/multiturtlebots_pkg': PYTHONPATH=/home/angelo/toychain-ros2/build/multiturtlebots_pkg/prefix_override:/home/angelo/toychain-ros2/install/multiturtlebots_pkg/lib/python3.8/site-packages:${PYTHONPATH} /usr/bin/python3 setup.py egg_info --egg-base ../../build/multiturtlebots_pkg build --build-base /home/angelo/toychain-ros2/build/multiturtlebots_pkg/build install --record /home/angelo/toychain-ros2/build/multiturtlebots_pkg/install.log --install-scripts $base/lib/multiturtlebots_pkg --single-version-externally-managed
[1.653s] running egg_info
[1.654s] writing ../../build/multiturtlebots_pkg/multiturtlebots_pkg.egg-info/PKG-INFO
[1.654s] writing dependency_links to ../../build/multiturtlebots_pkg/multiturtlebots_pkg.egg-info/dependency_links.txt
[1.654s] writing entry points to ../../build/multiturtlebots_pkg/multiturtlebots_pkg.egg-info/entry_points.txt
[1.654s] writing requirements to ../../build/multiturtlebots_pkg/multiturtlebots_pkg.egg-info/requires.txt
[1.654s] writing top-level names to ../../build/multiturtlebots_pkg/multiturtlebots_pkg.egg-info/top_level.txt
[1.709s] reading manifest file '../../build/multiturtlebots_pkg/multiturtlebots_pkg.egg-info/SOURCES.txt'
[1.711s] writing manifest file '../../build/multiturtlebots_pkg/multiturtlebots_pkg.egg-info/SOURCES.txt'
[1.711s] running build
[1.711s] running build_py
[1.711s] running install
[1.712s] running install_lib
[1.714s] running install_data
[1.715s] running install_egg_info
[1.717s] removing '/home/angelo/toychain-ros2/install/multiturtlebots_pkg/lib/python3.8/site-packages/multiturtlebots_pkg-0.0.0-py3.8.egg-info' (and everything under it)
[1.717s] Copying ../../build/multiturtlebots_pkg/multiturtlebots_pkg.egg-info to /home/angelo/toychain-ros2/install/multiturtlebots_pkg/lib/python3.8/site-packages/multiturtlebots_pkg-0.0.0-py3.8.egg-info
[1.718s] running install_scripts
[1.743s] Installing spawn_turtlebot3 script to /home/angelo/toychain-ros2/install/multiturtlebots_pkg/lib/multiturtlebots_pkg
[1.744s] writing list of installed files to '/home/angelo/toychain-ros2/build/multiturtlebots_pkg/install.log'
[1.775s] Invoked command in '/home/angelo/toychain-ros2/src/multiturtlebots_pkg' returned '0': PYTHONPATH=/home/angelo/toychain-ros2/build/multiturtlebots_pkg/prefix_override:/home/angelo/toychain-ros2/install/multiturtlebots_pkg/lib/python3.8/site-packages:${PYTHONPATH} /usr/bin/python3 setup.py egg_info --egg-base ../../build/multiturtlebots_pkg build --build-base /home/angelo/toychain-ros2/build/multiturtlebots_pkg/build install --record /home/angelo/toychain-ros2/build/multiturtlebots_pkg/install.log --install-scripts $base/lib/multiturtlebots_pkg --single-version-externally-managed
