[0.308s] DEBUG:colcon:Command line arguments: ['/usr/bin/colcon', 'build']
[0.308s] DEBUG:colcon:Parsed command line arguments: Namespace(allow_overriding=[], ament_cmake_args=None, base_paths=['.'], build_base='build', catkin_cmake_args=None, catkin_skip_building_tests=False, cmake_args=None, cmake_clean_cache=False, cmake_clean_first=False, cmake_force_configure=False, cmake_target=None, cmake_target_skip_unavailable=False, continue_on_error=False, event_handlers=None, executor='parallel', ignore_user_meta=False, install_base='install', log_base=None, log_level=None, main=<bound method BuildVerb.main of <colcon_core.verb.build.BuildVerb object at 0x7f51945baca0>>, merge_install=False, metas=['./colcon.meta'], packages_above=None, packages_above_and_dependencies=None, packages_above_depth=None, packages_end=None, packages_ignore=None, packages_ignore_regex=None, packages_select=None, packages_select_build_failed=False, packages_select_by_dep=None, packages_select_regex=None, packages_select_test_failures=False, packages_skip=None, packages_skip_build_finished=False, packages_skip_by_dep=None, packages_skip_regex=None, packages_skip_test_passed=False, packages_skip_up_to=None, packages_start=None, packages_up_to=None, packages_up_to_regex=None, parallel_workers=4, paths=None, symlink_install=False, test_result_base=None, verb_extension=<colcon_core.verb.build.BuildVerb object at 0x7f51945baca0>, verb_name='build', verb_parser=<colcon_defaults.argument_parser.defaults.DefaultArgumentsDecorator object at 0x7f51945c3250>)
[0.334s] Level 1:colcon.colcon_core.package_discovery:discover_packages(colcon_meta) check parameters
[0.334s] Level 1:colcon.colcon_core.package_discovery:discover_packages(recursive) check parameters
[0.334s] Level 1:colcon.colcon_core.package_discovery:discover_packages(ignore) check parameters
[0.335s] Level 1:colcon.colcon_core.package_discovery:discover_packages(path) check parameters
[0.335s] Level 1:colcon.colcon_core.package_discovery:discover_packages(colcon_meta) discover
[0.335s] Level 1:colcon.colcon_core.package_discovery:discover_packages(recursive) discover
[0.335s] INFO:colcon.colcon_core.package_discovery:Crawling recursively for packages in '/home/angelo/toychain-ros2'
[0.335s] Level 1:colcon.colcon_core.package_identification:_identify(.) by extensions ['ignore', 'ignore_ament_install']
[0.335s] Level 1:colcon.colcon_core.package_identification:_identify(.) by extension 'ignore'
[0.335s] Level 1:colcon.colcon_core.package_identification:_identify(.) by extension 'ignore_ament_install'
[0.335s] Level 1:colcon.colcon_core.package_identification:_identify(.) by extensions ['colcon_pkg']
[0.335s] Level 1:colcon.colcon_core.package_identification:_identify(.) by extension 'colcon_pkg'
[0.335s] Level 1:colcon.colcon_core.package_identification:_identify(.) by extensions ['colcon_meta']
[0.335s] Level 1:colcon.colcon_core.package_identification:_identify(.) by extension 'colcon_meta'
[0.335s] Level 1:colcon.colcon_core.package_identification:_identify(.) by extensions ['ros']
[0.335s] Level 1:colcon.colcon_core.package_identification:_identify(.) by extension 'ros'
[0.355s] Level 1:colcon.colcon_core.package_identification:_identify(.) by extensions ['cmake', 'python']
[0.355s] Level 1:colcon.colcon_core.package_identification:_identify(.) by extension 'cmake'
[0.355s] Level 1:colcon.colcon_core.package_identification:_identify(.) by extension 'python'
[0.355s] Level 1:colcon.colcon_core.package_identification:_identify(.) by extensions ['python_setup_py']
[0.355s] Level 1:colcon.colcon_core.package_identification:_identify(.) by extension 'python_setup_py'
[0.355s] Level 1:colcon.colcon_core.package_identification:_identify(build) by extensions ['ignore', 'ignore_ament_install']
[0.355s] Level 1:colcon.colcon_core.package_identification:_identify(build) by extension 'ignore'
[0.355s] Level 1:colcon.colcon_core.package_identification:_identify(build) ignored
[0.355s] Level 1:colcon.colcon_core.package_identification:_identify(install) by extensions ['ignore', 'ignore_ament_install']
[0.355s] Level 1:colcon.colcon_core.package_identification:_identify(install) by extension 'ignore'
[0.355s] Level 1:colcon.colcon_core.package_identification:_identify(install) ignored
[0.356s] Level 1:colcon.colcon_core.package_identification:_identify(log) by extensions ['ignore', 'ignore_ament_install']
[0.356s] Level 1:colcon.colcon_core.package_identification:_identify(log) by extension 'ignore'
[0.356s] Level 1:colcon.colcon_core.package_identification:_identify(log) ignored
[0.356s] Level 1:colcon.colcon_core.package_identification:_identify(src) by extensions ['ignore', 'ignore_ament_install']
[0.356s] Level 1:colcon.colcon_core.package_identification:_identify(src) by extension 'ignore'
[0.356s] Level 1:colcon.colcon_core.package_identification:_identify(src) by extension 'ignore_ament_install'
[0.356s] Level 1:colcon.colcon_core.package_identification:_identify(src) by extensions ['colcon_pkg']
[0.356s] Level 1:colcon.colcon_core.package_identification:_identify(src) by extension 'colcon_pkg'
[0.356s] Level 1:colcon.colcon_core.package_identification:_identify(src) by extensions ['colcon_meta']
[0.356s] Level 1:colcon.colcon_core.package_identification:_identify(src) by extension 'colcon_meta'
[0.356s] Level 1:colcon.colcon_core.package_identification:_identify(src) by extensions ['ros']
[0.356s] Level 1:colcon.colcon_core.package_identification:_identify(src) by extension 'ros'
[0.356s] Level 1:colcon.colcon_core.package_identification:_identify(src) by extensions ['cmake', 'python']
[0.356s] Level 1:colcon.colcon_core.package_identification:_identify(src) by extension 'cmake'
[0.356s] Level 1:colcon.colcon_core.package_identification:_identify(src) by extension 'python'
[0.356s] Level 1:colcon.colcon_core.package_identification:_identify(src) by extensions ['python_setup_py']
[0.356s] Level 1:colcon.colcon_core.package_identification:_identify(src) by extension 'python_setup_py'
[0.356s] Level 1:colcon.colcon_core.package_identification:_identify(src/multiturtlebots_controller_pkg) by extensions ['ignore', 'ignore_ament_install']
[0.356s] Level 1:colcon.colcon_core.package_identification:_identify(src/multiturtlebots_controller_pkg) by extension 'ignore'
[0.357s] Level 1:colcon.colcon_core.package_identification:_identify(src/multiturtlebots_controller_pkg) by extension 'ignore_ament_install'
[0.357s] Level 1:colcon.colcon_core.package_identification:_identify(src/multiturtlebots_controller_pkg) by extensions ['colcon_pkg']
[0.357s] Level 1:colcon.colcon_core.package_identification:_identify(src/multiturtlebots_controller_pkg) by extension 'colcon_pkg'
[0.357s] Level 1:colcon.colcon_core.package_identification:_identify(src/multiturtlebots_controller_pkg) by extensions ['colcon_meta']
[0.357s] Level 1:colcon.colcon_core.package_identification:_identify(src/multiturtlebots_controller_pkg) by extension 'colcon_meta'
[0.357s] Level 1:colcon.colcon_core.package_identification:_identify(src/multiturtlebots_controller_pkg) by extensions ['ros']
[0.357s] Level 1:colcon.colcon_core.package_identification:_identify(src/multiturtlebots_controller_pkg) by extension 'ros'
[0.359s] DEBUG:colcon.colcon_core.package_identification:Package 'src/multiturtlebots_controller_pkg' with type 'ros.ament_python' and name 'multiturtlebots_controller_pkg'
[0.359s] Level 1:colcon.colcon_core.package_identification:_identify(src/multiturtlebots_pkg) by extensions ['ignore', 'ignore_ament_install']
[0.359s] Level 1:colcon.colcon_core.package_identification:_identify(src/multiturtlebots_pkg) by extension 'ignore'
[0.359s] Level 1:colcon.colcon_core.package_identification:_identify(src/multiturtlebots_pkg) by extension 'ignore_ament_install'
[0.359s] Level 1:colcon.colcon_core.package_identification:_identify(src/multiturtlebots_pkg) by extensions ['colcon_pkg']
[0.360s] Level 1:colcon.colcon_core.package_identification:_identify(src/multiturtlebots_pkg) by extension 'colcon_pkg'
[0.360s] Level 1:colcon.colcon_core.package_identification:_identify(src/multiturtlebots_pkg) by extensions ['colcon_meta']
[0.360s] Level 1:colcon.colcon_core.package_identification:_identify(src/multiturtlebots_pkg) by extension 'colcon_meta'
[0.360s] Level 1:colcon.colcon_core.package_identification:_identify(src/multiturtlebots_pkg) by extensions ['ros']
[0.360s] Level 1:colcon.colcon_core.package_identification:_identify(src/multiturtlebots_pkg) by extension 'ros'
[0.360s] DEBUG:colcon.colcon_core.package_identification:Package 'src/multiturtlebots_pkg' with type 'ros.ament_python' and name 'multiturtlebots_pkg'
[0.360s] Level 1:colcon.colcon_core.package_identification:_identify(src/turtlebot3_gazebo) by extensions ['ignore', 'ignore_ament_install']
[0.360s] Level 1:colcon.colcon_core.package_identification:_identify(src/turtlebot3_gazebo) by extension 'ignore'
[0.360s] Level 1:colcon.colcon_core.package_identification:_identify(src/turtlebot3_gazebo) by extension 'ignore_ament_install'
[0.360s] Level 1:colcon.colcon_core.package_identification:_identify(src/turtlebot3_gazebo) by extensions ['colcon_pkg']
[0.360s] Level 1:colcon.colcon_core.package_identification:_identify(src/turtlebot3_gazebo) by extension 'colcon_pkg'
[0.360s] Level 1:colcon.colcon_core.package_identification:_identify(src/turtlebot3_gazebo) by extensions ['colcon_meta']
[0.361s] Level 1:colcon.colcon_core.package_identification:_identify(src/turtlebot3_gazebo) by extension 'colcon_meta'
[0.361s] Level 1:colcon.colcon_core.package_identification:_identify(src/turtlebot3_gazebo) by extensions ['ros']
[0.361s] Level 1:colcon.colcon_core.package_identification:_identify(src/turtlebot3_gazebo) by extension 'ros'
[0.362s] DEBUG:colcon.colcon_core.package_identification:Package 'src/turtlebot3_gazebo' with type 'ros.ament_cmake' and name 'turtlebot3_gazebo'
[0.362s] Level 1:colcon.colcon_core.package_discovery:discover_packages(recursive) using defaults
[0.362s] Level 1:colcon.colcon_core.package_discovery:discover_packages(ignore) discover
[0.362s] Level 1:colcon.colcon_core.package_discovery:discover_packages(ignore) using defaults
[0.362s] Level 1:colcon.colcon_core.package_discovery:discover_packages(path) discover
[0.362s] Level 1:colcon.colcon_core.package_discovery:discover_packages(path) using defaults
[0.381s] Level 1:colcon.colcon_core.package_discovery:discover_packages(prefix_path) check parameters
[0.382s] Level 1:colcon.colcon_core.package_discovery:discover_packages(prefix_path) discover
[0.385s] DEBUG:colcon.colcon_installed_package_information.package_discovery:Found 328 installed packages in /opt/ros/foxy
[0.387s] Level 1:colcon.colcon_core.package_discovery:discover_packages(prefix_path) using defaults
[0.457s] WARNING:colcon.colcon_core.package_selection:Some selected packages are already built in one or more underlay workspaces:
	'turtlebot3_gazebo' is in: /opt/ros/foxy
If a package in a merged underlay workspace is overridden and it installs headers, then all packages in the overlay must sort their include directories by workspace order. Failure to do so may result in build failures or undefined behavior at run time.
If the overridden package is used by another package in any underlay, then the overriding package in the overlay must be API and ABI compatible or undefined behavior at run time may occur.

If you understand the risks and want to override a package anyways, add the following to the command line:
	--allow-overriding turtlebot3_gazebo

This may be promoted to an error in a future release of colcon-override-check.
[0.458s] Level 5:colcon.colcon_core.verb:set package 'multiturtlebots_controller_pkg' build argument 'cmake_args' from command line to 'None'
[0.458s] Level 5:colcon.colcon_core.verb:set package 'multiturtlebots_controller_pkg' build argument 'cmake_target' from command line to 'None'
[0.458s] Level 5:colcon.colcon_core.verb:set package 'multiturtlebots_controller_pkg' build argument 'cmake_target_skip_unavailable' from command line to 'False'
[0.458s] Level 5:colcon.colcon_core.verb:set package 'multiturtlebots_controller_pkg' build argument 'cmake_clean_cache' from command line to 'False'
[0.458s] Level 5:colcon.colcon_core.verb:set package 'multiturtlebots_controller_pkg' build argument 'cmake_clean_first' from command line to 'False'
[0.458s] Level 5:colcon.colcon_core.verb:set package 'multiturtlebots_controller_pkg' build argument 'cmake_force_configure' from command line to 'False'
[0.458s] Level 5:colcon.colcon_core.verb:set package 'multiturtlebots_controller_pkg' build argument 'ament_cmake_args' from command line to 'None'
[0.458s] Level 5:colcon.colcon_core.verb:set package 'multiturtlebots_controller_pkg' build argument 'catkin_cmake_args' from command line to 'None'
[0.458s] Level 5:colcon.colcon_core.verb:set package 'multiturtlebots_controller_pkg' build argument 'catkin_skip_building_tests' from command line to 'False'
[0.458s] DEBUG:colcon.colcon_core.verb:Building package 'multiturtlebots_controller_pkg' with the following arguments: {'ament_cmake_args': None, 'build_base': '/home/angelo/toychain-ros2/build/multiturtlebots_controller_pkg', 'catkin_cmake_args': None, 'catkin_skip_building_tests': False, 'cmake_args': None, 'cmake_clean_cache': False, 'cmake_clean_first': False, 'cmake_force_configure': False, 'cmake_target': None, 'cmake_target_skip_unavailable': False, 'install_base': '/home/angelo/toychain-ros2/install/multiturtlebots_controller_pkg', 'merge_install': False, 'path': '/home/angelo/toychain-ros2/src/multiturtlebots_controller_pkg', 'symlink_install': False, 'test_result_base': None}
[0.459s] Level 5:colcon.colcon_core.verb:set package 'multiturtlebots_pkg' build argument 'cmake_args' from command line to 'None'
[0.459s] Level 5:colcon.colcon_core.verb:set package 'multiturtlebots_pkg' build argument 'cmake_target' from command line to 'None'
[0.459s] Level 5:colcon.colcon_core.verb:set package 'multiturtlebots_pkg' build argument 'cmake_target_skip_unavailable' from command line to 'False'
[0.459s] Level 5:colcon.colcon_core.verb:set package 'multiturtlebots_pkg' build argument 'cmake_clean_cache' from command line to 'False'
[0.459s] Level 5:colcon.colcon_core.verb:set package 'multiturtlebots_pkg' build argument 'cmake_clean_first' from command line to 'False'
[0.459s] Level 5:colcon.colcon_core.verb:set package 'multiturtlebots_pkg' build argument 'cmake_force_configure' from command line to 'False'
[0.459s] Level 5:colcon.colcon_core.verb:set package 'multiturtlebots_pkg' build argument 'ament_cmake_args' from command line to 'None'
[0.459s] Level 5:colcon.colcon_core.verb:set package 'multiturtlebots_pkg' build argument 'catkin_cmake_args' from command line to 'None'
[0.459s] Level 5:colcon.colcon_core.verb:set package 'multiturtlebots_pkg' build argument 'catkin_skip_building_tests' from command line to 'False'
[0.459s] DEBUG:colcon.colcon_core.verb:Building package 'multiturtlebots_pkg' with the following arguments: {'ament_cmake_args': None, 'build_base': '/home/angelo/toychain-ros2/build/multiturtlebots_pkg', 'catkin_cmake_args': None, 'catkin_skip_building_tests': False, 'cmake_args': None, 'cmake_clean_cache': False, 'cmake_clean_first': False, 'cmake_force_configure': False, 'cmake_target': None, 'cmake_target_skip_unavailable': False, 'install_base': '/home/angelo/toychain-ros2/install/multiturtlebots_pkg', 'merge_install': False, 'path': '/home/angelo/toychain-ros2/src/multiturtlebots_pkg', 'symlink_install': False, 'test_result_base': None}
[0.460s] Level 5:colcon.colcon_core.verb:set package 'turtlebot3_gazebo' build argument 'cmake_args' from command line to 'None'
[0.460s] Level 5:colcon.colcon_core.verb:set package 'turtlebot3_gazebo' build argument 'cmake_target' from command line to 'None'
[0.460s] Level 5:colcon.colcon_core.verb:set package 'turtlebot3_gazebo' build argument 'cmake_target_skip_unavailable' from command line to 'False'
[0.460s] Level 5:colcon.colcon_core.verb:set package 'turtlebot3_gazebo' build argument 'cmake_clean_cache' from command line to 'False'
[0.460s] Level 5:colcon.colcon_core.verb:set package 'turtlebot3_gazebo' build argument 'cmake_clean_first' from command line to 'False'
[0.460s] Level 5:colcon.colcon_core.verb:set package 'turtlebot3_gazebo' build argument 'cmake_force_configure' from command line to 'False'
[0.460s] Level 5:colcon.colcon_core.verb:set package 'turtlebot3_gazebo' build argument 'ament_cmake_args' from command line to 'None'
[0.460s] Level 5:colcon.colcon_core.verb:set package 'turtlebot3_gazebo' build argument 'catkin_cmake_args' from command line to 'None'
[0.461s] Level 5:colcon.colcon_core.verb:set package 'turtlebot3_gazebo' build argument 'catkin_skip_building_tests' from command line to 'False'
[0.461s] DEBUG:colcon.colcon_core.verb:Building package 'turtlebot3_gazebo' with the following arguments: {'ament_cmake_args': None, 'build_base': '/home/angelo/toychain-ros2/build/turtlebot3_gazebo', 'catkin_cmake_args': None, 'catkin_skip_building_tests': False, 'cmake_args': None, 'cmake_clean_cache': False, 'cmake_clean_first': False, 'cmake_force_configure': False, 'cmake_target': None, 'cmake_target_skip_unavailable': False, 'install_base': '/home/angelo/toychain-ros2/install/turtlebot3_gazebo', 'merge_install': False, 'path': '/home/angelo/toychain-ros2/src/turtlebot3_gazebo', 'symlink_install': False, 'test_result_base': None}
[0.461s] INFO:colcon.colcon_core.executor:Executing jobs using 'parallel' executor
[0.464s] DEBUG:colcon.colcon_parallel_executor.executor.parallel:run_until_complete
[0.465s] INFO:colcon.colcon_ros.task.ament_python.build:Building ROS package in '/home/angelo/toychain-ros2/src/multiturtlebots_controller_pkg' with build type 'ament_python'
[0.465s] Level 1:colcon.colcon_core.shell:create_environment_hook('multiturtlebots_controller_pkg', 'ament_prefix_path')
[0.470s] INFO:colcon.colcon_core.plugin_system:Skipping extension 'colcon_core.shell.bat': Not used on non-Windows systems
[0.470s] INFO:colcon.colcon_core.shell:Creating environment hook '/home/angelo/toychain-ros2/install/multiturtlebots_controller_pkg/share/multiturtlebots_controller_pkg/hook/ament_prefix_path.ps1'
[0.470s] INFO:colcon.colcon_core.shell:Creating environment descriptor '/home/angelo/toychain-ros2/install/multiturtlebots_controller_pkg/share/multiturtlebots_controller_pkg/hook/ament_prefix_path.dsv'
[0.471s] INFO:colcon.colcon_core.shell:Creating environment hook '/home/angelo/toychain-ros2/install/multiturtlebots_controller_pkg/share/multiturtlebots_controller_pkg/hook/ament_prefix_path.sh'
[0.473s] INFO:colcon.colcon_core.shell:Skip shell extension 'powershell' for command environment: Not usable outside of PowerShell
[0.473s] DEBUG:colcon.colcon_core.shell:Skip shell extension 'dsv' for command environment
[0.478s] INFO:colcon.colcon_ros.task.ament_python.build:Building ROS package in '/home/angelo/toychain-ros2/src/multiturtlebots_pkg' with build type 'ament_python'
[0.478s] Level 1:colcon.colcon_core.shell:create_environment_hook('multiturtlebots_pkg', 'ament_prefix_path')
[0.480s] INFO:colcon.colcon_core.shell:Creating environment hook '/home/angelo/toychain-ros2/install/multiturtlebots_pkg/share/multiturtlebots_pkg/hook/ament_prefix_path.ps1'
[0.481s] INFO:colcon.colcon_core.shell:Creating environment descriptor '/home/angelo/toychain-ros2/install/multiturtlebots_pkg/share/multiturtlebots_pkg/hook/ament_prefix_path.dsv'
[0.481s] INFO:colcon.colcon_core.shell:Creating environment hook '/home/angelo/toychain-ros2/install/multiturtlebots_pkg/share/multiturtlebots_pkg/hook/ament_prefix_path.sh'
[0.483s] INFO:colcon.colcon_core.shell:Skip shell extension 'powershell' for command environment: Not usable outside of PowerShell
[0.483s] DEBUG:colcon.colcon_core.shell:Skip shell extension 'dsv' for command environment
[0.490s] INFO:colcon.colcon_ros.task.ament_cmake.build:Building ROS package in '/home/angelo/toychain-ros2/src/turtlebot3_gazebo' with build type 'ament_cmake'
[0.491s] INFO:colcon.colcon_cmake.task.cmake.build:Building CMake package in '/home/angelo/toychain-ros2/src/turtlebot3_gazebo'
[0.493s] INFO:colcon.colcon_core.shell:Skip shell extension 'powershell' for command environment: Not usable outside of PowerShell
[0.493s] DEBUG:colcon.colcon_core.shell:Skip shell extension 'dsv' for command environment
[0.719s] INFO:colcon.colcon_core.task.python.build:Building Python package in '/home/angelo/toychain-ros2/src/multiturtlebots_controller_pkg'
[0.721s] INFO:colcon.colcon_core.shell:Skip shell extension 'powershell' for command environment: Not usable outside of PowerShell
[0.721s] DEBUG:colcon.colcon_core.shell:Skip shell extension 'dsv' for command environment
[0.938s] INFO:colcon.colcon_core.task.python.build:Building Python package in '/home/angelo/toychain-ros2/src/multiturtlebots_pkg'
[0.940s] INFO:colcon.colcon_core.shell:Skip shell extension 'powershell' for command environment: Not usable outside of PowerShell
[0.940s] DEBUG:colcon.colcon_core.shell:Skip shell extension 'dsv' for command environment
[0.950s] DEBUG:colcon.colcon_core.event_handler.log_command:Invoking command in '/home/angelo/toychain-ros2/build/turtlebot3_gazebo': CMAKE_PREFIX_PATH=/opt/ros/foxy /usr/bin/cmake /home/angelo/toychain-ros2/src/turtlebot3_gazebo -DCMAKE_INSTALL_PREFIX=/home/angelo/toychain-ros2/install/turtlebot3_gazebo
[1.378s] DEBUG:colcon.colcon_core.event_handler.log_command:Invoking command in '/home/angelo/toychain-ros2/src/multiturtlebots_controller_pkg': PYTHONPATH=/home/angelo/toychain-ros2/build/multiturtlebots_controller_pkg/prefix_override:/home/angelo/toychain-ros2/install/multiturtlebots_controller_pkg/lib/python3.8/site-packages:${PYTHONPATH} /usr/bin/python3 setup.py egg_info --egg-base ../../build/multiturtlebots_controller_pkg build --build-base /home/angelo/toychain-ros2/build/multiturtlebots_controller_pkg/build install --record /home/angelo/toychain-ros2/build/multiturtlebots_controller_pkg/install.log --install-scripts $base/lib/multiturtlebots_controller_pkg --single-version-externally-managed
[1.493s] DEBUG:colcon.colcon_core.event_handler.log_command:Invoking command in '/home/angelo/toychain-ros2/src/multiturtlebots_pkg': PYTHONPATH=/home/angelo/toychain-ros2/build/multiturtlebots_pkg/prefix_override:/home/angelo/toychain-ros2/install/multiturtlebots_pkg/lib/python3.8/site-packages:${PYTHONPATH} /usr/bin/python3 setup.py egg_info --egg-base ../../build/multiturtlebots_pkg build --build-base /home/angelo/toychain-ros2/build/multiturtlebots_pkg/build install --record /home/angelo/toychain-ros2/build/multiturtlebots_pkg/install.log --install-scripts $base/lib/multiturtlebots_pkg --single-version-externally-managed
[1.816s] DEBUG:colcon.colcon_core.event_handler.log_command:Invoked command in '/home/angelo/toychain-ros2/src/multiturtlebots_controller_pkg' returned '0': PYTHONPATH=/home/angelo/toychain-ros2/build/multiturtlebots_controller_pkg/prefix_override:/home/angelo/toychain-ros2/install/multiturtlebots_controller_pkg/lib/python3.8/site-packages:${PYTHONPATH} /usr/bin/python3 setup.py egg_info --egg-base ../../build/multiturtlebots_controller_pkg build --build-base /home/angelo/toychain-ros2/build/multiturtlebots_controller_pkg/build install --record /home/angelo/toychain-ros2/build/multiturtlebots_controller_pkg/install.log --install-scripts $base/lib/multiturtlebots_controller_pkg --single-version-externally-managed
[1.823s] Level 1:colcon.colcon_core.environment:checking '/home/angelo/toychain-ros2/install/multiturtlebots_controller_pkg' for CMake module files
[1.823s] Level 1:colcon.colcon_core.environment:checking '/home/angelo/toychain-ros2/install/multiturtlebots_controller_pkg' for CMake config files
[1.825s] Level 1:colcon.colcon_core.environment:checking '/home/angelo/toychain-ros2/install/multiturtlebots_controller_pkg/lib'
[1.825s] Level 1:colcon.colcon_core.environment:checking '/home/angelo/toychain-ros2/install/multiturtlebots_controller_pkg/bin'
[1.825s] Level 1:colcon.colcon_core.environment:checking '/home/angelo/toychain-ros2/install/multiturtlebots_controller_pkg/lib/pkgconfig/multiturtlebots_controller_pkg.pc'
[1.825s] Level 1:colcon.colcon_core.environment:checking '/home/angelo/toychain-ros2/install/multiturtlebots_controller_pkg/lib/python3.8/site-packages'
[1.826s] Level 1:colcon.colcon_core.shell:create_environment_hook('multiturtlebots_controller_pkg', 'pythonpath')
[1.829s] INFO:colcon.colcon_core.shell:Creating environment hook '/home/angelo/toychain-ros2/install/multiturtlebots_controller_pkg/share/multiturtlebots_controller_pkg/hook/pythonpath.ps1'
[1.829s] INFO:colcon.colcon_core.shell:Creating environment descriptor '/home/angelo/toychain-ros2/install/multiturtlebots_controller_pkg/share/multiturtlebots_controller_pkg/hook/pythonpath.dsv'
[1.829s] INFO:colcon.colcon_core.shell:Creating environment hook '/home/angelo/toychain-ros2/install/multiturtlebots_controller_pkg/share/multiturtlebots_controller_pkg/hook/pythonpath.sh'
[1.830s] Level 1:colcon.colcon_core.environment:checking '/home/angelo/toychain-ros2/install/multiturtlebots_controller_pkg/bin'
[1.830s] Level 1:colcon.colcon_core.environment:create_environment_scripts_only(multiturtlebots_controller_pkg)
[1.831s] INFO:colcon.colcon_core.shell:Creating package script '/home/angelo/toychain-ros2/install/multiturtlebots_controller_pkg/share/multiturtlebots_controller_pkg/package.ps1'
[1.832s] INFO:colcon.colcon_core.shell:Creating package descriptor '/home/angelo/toychain-ros2/install/multiturtlebots_controller_pkg/share/multiturtlebots_controller_pkg/package.dsv'
[1.832s] INFO:colcon.colcon_core.shell:Creating package script '/home/angelo/toychain-ros2/install/multiturtlebots_controller_pkg/share/multiturtlebots_controller_pkg/package.sh'
[1.833s] INFO:colcon.colcon_core.shell:Creating package script '/home/angelo/toychain-ros2/install/multiturtlebots_controller_pkg/share/multiturtlebots_controller_pkg/package.bash'
[1.833s] INFO:colcon.colcon_core.shell:Creating package script '/home/angelo/toychain-ros2/install/multiturtlebots_controller_pkg/share/multiturtlebots_controller_pkg/package.zsh'
[1.834s] Level 1:colcon.colcon_core.environment:create_file_with_runtime_dependencies(/home/angelo/toychain-ros2/install/multiturtlebots_controller_pkg/share/colcon-core/packages/multiturtlebots_controller_pkg)
[1.838s] Level 1:colcon.colcon_core.environment:checking '/home/angelo/toychain-ros2/install/multiturtlebots_pkg' for CMake module files
[1.839s] DEBUG:colcon.colcon_core.event_handler.log_command:Invoked command in '/home/angelo/toychain-ros2/src/multiturtlebots_pkg' returned '0': PYTHONPATH=/home/angelo/toychain-ros2/build/multiturtlebots_pkg/prefix_override:/home/angelo/toychain-ros2/install/multiturtlebots_pkg/lib/python3.8/site-packages:${PYTHONPATH} /usr/bin/python3 setup.py egg_info --egg-base ../../build/multiturtlebots_pkg build --build-base /home/angelo/toychain-ros2/build/multiturtlebots_pkg/build install --record /home/angelo/toychain-ros2/build/multiturtlebots_pkg/install.log --install-scripts $base/lib/multiturtlebots_pkg --single-version-externally-managed
[1.840s] Level 1:colcon.colcon_core.environment:checking '/home/angelo/toychain-ros2/install/multiturtlebots_pkg' for CMake config files
[1.840s] Level 1:colcon.colcon_core.environment:checking '/home/angelo/toychain-ros2/install/multiturtlebots_pkg/lib'
[1.841s] Level 1:colcon.colcon_core.environment:checking '/home/angelo/toychain-ros2/install/multiturtlebots_pkg/bin'
[1.841s] Level 1:colcon.colcon_core.environment:checking '/home/angelo/toychain-ros2/install/multiturtlebots_pkg/lib/pkgconfig/multiturtlebots_pkg.pc'
[1.841s] Level 1:colcon.colcon_core.environment:checking '/home/angelo/toychain-ros2/install/multiturtlebots_pkg/lib/python3.8/site-packages'
[1.841s] Level 1:colcon.colcon_core.shell:create_environment_hook('multiturtlebots_pkg', 'pythonpath')
[1.843s] INFO:colcon.colcon_core.shell:Creating environment hook '/home/angelo/toychain-ros2/install/multiturtlebots_pkg/share/multiturtlebots_pkg/hook/pythonpath.ps1'
[1.844s] INFO:colcon.colcon_core.shell:Creating environment descriptor '/home/angelo/toychain-ros2/install/multiturtlebots_pkg/share/multiturtlebots_pkg/hook/pythonpath.dsv'
[1.844s] INFO:colcon.colcon_core.shell:Creating environment hook '/home/angelo/toychain-ros2/install/multiturtlebots_pkg/share/multiturtlebots_pkg/hook/pythonpath.sh'
[1.845s] Level 1:colcon.colcon_core.environment:checking '/home/angelo/toychain-ros2/install/multiturtlebots_pkg/bin'
[1.845s] Level 1:colcon.colcon_core.environment:create_environment_scripts_only(multiturtlebots_pkg)
[1.848s] INFO:colcon.colcon_core.shell:Creating package script '/home/angelo/toychain-ros2/install/multiturtlebots_pkg/share/multiturtlebots_pkg/package.ps1'
[1.848s] INFO:colcon.colcon_core.shell:Creating package descriptor '/home/angelo/toychain-ros2/install/multiturtlebots_pkg/share/multiturtlebots_pkg/package.dsv'
[1.849s] INFO:colcon.colcon_core.shell:Creating package script '/home/angelo/toychain-ros2/install/multiturtlebots_pkg/share/multiturtlebots_pkg/package.sh'
[1.849s] INFO:colcon.colcon_core.shell:Creating package script '/home/angelo/toychain-ros2/install/multiturtlebots_pkg/share/multiturtlebots_pkg/package.bash'
[1.850s] INFO:colcon.colcon_core.shell:Creating package script '/home/angelo/toychain-ros2/install/multiturtlebots_pkg/share/multiturtlebots_pkg/package.zsh'
[1.850s] Level 1:colcon.colcon_core.environment:create_file_with_runtime_dependencies(/home/angelo/toychain-ros2/install/multiturtlebots_pkg/share/colcon-core/packages/multiturtlebots_pkg)
[4.159s] DEBUG:colcon.colcon_core.event_handler.log_command:Invoked command in '/home/angelo/toychain-ros2/build/turtlebot3_gazebo' returned '0': CMAKE_PREFIX_PATH=/opt/ros/foxy /usr/bin/cmake /home/angelo/toychain-ros2/src/turtlebot3_gazebo -DCMAKE_INSTALL_PREFIX=/home/angelo/toychain-ros2/install/turtlebot3_gazebo
[4.161s] DEBUG:colcon.colcon_core.event_handler.log_command:Invoking command in '/home/angelo/toychain-ros2/build/turtlebot3_gazebo': CMAKE_PREFIX_PATH=/opt/ros/foxy /usr/bin/cmake --build /home/angelo/toychain-ros2/build/turtlebot3_gazebo -- -j4 -l4
[19.100s] DEBUG:colcon.colcon_core.event_handler.log_command:Invoked command in '/home/angelo/toychain-ros2/build/turtlebot3_gazebo' returned '0': CMAKE_PREFIX_PATH=/opt/ros/foxy /usr/bin/cmake --build /home/angelo/toychain-ros2/build/turtlebot3_gazebo -- -j4 -l4
[19.143s] DEBUG:colcon.colcon_core.event_handler.log_command:Invoking command in '/home/angelo/toychain-ros2/build/turtlebot3_gazebo': CMAKE_PREFIX_PATH=/opt/ros/foxy /usr/bin/cmake --install /home/angelo/toychain-ros2/build/turtlebot3_gazebo
[19.179s] Level 1:colcon.colcon_core.environment:create_environment_scripts_only(turtlebot3_gazebo)
[19.181s] Level 1:colcon.colcon_core.environment:checking '/home/angelo/toychain-ros2/install/turtlebot3_gazebo' for CMake module files
[19.182s] Level 1:colcon.colcon_core.environment:checking '/home/angelo/toychain-ros2/install/turtlebot3_gazebo' for CMake config files
[19.183s] Level 1:colcon.colcon_core.shell:create_environment_hook('turtlebot3_gazebo', 'cmake_prefix_path')
[19.185s] INFO:colcon.colcon_core.shell:Creating environment hook '/home/angelo/toychain-ros2/install/turtlebot3_gazebo/share/turtlebot3_gazebo/hook/cmake_prefix_path.ps1'
[19.185s] INFO:colcon.colcon_core.shell:Creating environment descriptor '/home/angelo/toychain-ros2/install/turtlebot3_gazebo/share/turtlebot3_gazebo/hook/cmake_prefix_path.dsv'
[19.186s] INFO:colcon.colcon_core.shell:Creating environment hook '/home/angelo/toychain-ros2/install/turtlebot3_gazebo/share/turtlebot3_gazebo/hook/cmake_prefix_path.sh'
[19.187s] Level 1:colcon.colcon_core.environment:checking '/home/angelo/toychain-ros2/install/turtlebot3_gazebo/lib'
[19.187s] Level 1:colcon.colcon_core.environment:checking '/home/angelo/toychain-ros2/install/turtlebot3_gazebo/bin'
[19.187s] Level 1:colcon.colcon_core.environment:checking '/home/angelo/toychain-ros2/install/turtlebot3_gazebo/lib/pkgconfig/turtlebot3_gazebo.pc'
[19.187s] Level 1:colcon.colcon_core.environment:checking '/home/angelo/toychain-ros2/install/turtlebot3_gazebo/lib/python3.8/site-packages'
[19.187s] Level 1:colcon.colcon_core.environment:checking '/home/angelo/toychain-ros2/install/turtlebot3_gazebo/bin'
[19.189s] INFO:colcon.colcon_core.shell:Creating package script '/home/angelo/toychain-ros2/install/turtlebot3_gazebo/share/turtlebot3_gazebo/package.ps1'
[19.189s] INFO:colcon.colcon_core.shell:Creating package descriptor '/home/angelo/toychain-ros2/install/turtlebot3_gazebo/share/turtlebot3_gazebo/package.dsv'
[19.190s] INFO:colcon.colcon_core.shell:Creating package script '/home/angelo/toychain-ros2/install/turtlebot3_gazebo/share/turtlebot3_gazebo/package.sh'
[19.190s] INFO:colcon.colcon_core.shell:Creating package script '/home/angelo/toychain-ros2/install/turtlebot3_gazebo/share/turtlebot3_gazebo/package.bash'
[19.191s] INFO:colcon.colcon_core.shell:Creating package script '/home/angelo/toychain-ros2/install/turtlebot3_gazebo/share/turtlebot3_gazebo/package.zsh'
[19.191s] DEBUG:colcon.colcon_core.event_handler.log_command:Invoked command in '/home/angelo/toychain-ros2/build/turtlebot3_gazebo' returned '0': CMAKE_PREFIX_PATH=/opt/ros/foxy /usr/bin/cmake --install /home/angelo/toychain-ros2/build/turtlebot3_gazebo
[19.191s] Level 1:colcon.colcon_core.environment:create_file_with_runtime_dependencies(/home/angelo/toychain-ros2/install/turtlebot3_gazebo/share/colcon-core/packages/turtlebot3_gazebo)
[19.224s] Level 1:colcon.colcon_core.environment:create_environment_scripts_only(turtlebot3_gazebo)
[19.227s] Level 1:colcon.colcon_core.environment:checking '/home/angelo/toychain-ros2/install/turtlebot3_gazebo' for CMake module files
[19.228s] Level 1:colcon.colcon_core.environment:checking '/home/angelo/toychain-ros2/install/turtlebot3_gazebo' for CMake config files
[19.229s] Level 1:colcon.colcon_core.shell:create_environment_hook('turtlebot3_gazebo', 'cmake_prefix_path')
[19.230s] INFO:colcon.colcon_core.shell:Creating environment hook '/home/angelo/toychain-ros2/install/turtlebot3_gazebo/share/turtlebot3_gazebo/hook/cmake_prefix_path.ps1'
[19.230s] INFO:colcon.colcon_core.shell:Creating environment descriptor '/home/angelo/toychain-ros2/install/turtlebot3_gazebo/share/turtlebot3_gazebo/hook/cmake_prefix_path.dsv'
[19.231s] INFO:colcon.colcon_core.shell:Creating environment hook '/home/angelo/toychain-ros2/install/turtlebot3_gazebo/share/turtlebot3_gazebo/hook/cmake_prefix_path.sh'
[19.231s] Level 1:colcon.colcon_core.environment:checking '/home/angelo/toychain-ros2/install/turtlebot3_gazebo/lib'
[19.231s] Level 1:colcon.colcon_core.environment:checking '/home/angelo/toychain-ros2/install/turtlebot3_gazebo/bin'
[19.231s] Level 1:colcon.colcon_core.environment:checking '/home/angelo/toychain-ros2/install/turtlebot3_gazebo/lib/pkgconfig/turtlebot3_gazebo.pc'
[19.232s] Level 1:colcon.colcon_core.environment:checking '/home/angelo/toychain-ros2/install/turtlebot3_gazebo/lib/python3.8/site-packages'
[19.232s] Level 1:colcon.colcon_core.environment:checking '/home/angelo/toychain-ros2/install/turtlebot3_gazebo/bin'
[19.233s] INFO:colcon.colcon_core.shell:Creating package script '/home/angelo/toychain-ros2/install/turtlebot3_gazebo/share/turtlebot3_gazebo/package.ps1'
[19.233s] INFO:colcon.colcon_core.shell:Creating package descriptor '/home/angelo/toychain-ros2/install/turtlebot3_gazebo/share/turtlebot3_gazebo/package.dsv'
[19.234s] INFO:colcon.colcon_core.shell:Creating package script '/home/angelo/toychain-ros2/install/turtlebot3_gazebo/share/turtlebot3_gazebo/package.sh'
[19.234s] INFO:colcon.colcon_core.shell:Creating package script '/home/angelo/toychain-ros2/install/turtlebot3_gazebo/share/turtlebot3_gazebo/package.bash'
[19.235s] INFO:colcon.colcon_core.shell:Creating package script '/home/angelo/toychain-ros2/install/turtlebot3_gazebo/share/turtlebot3_gazebo/package.zsh'
[19.235s] Level 1:colcon.colcon_core.environment:create_file_with_runtime_dependencies(/home/angelo/toychain-ros2/install/turtlebot3_gazebo/share/colcon-core/packages/turtlebot3_gazebo)
[19.235s] DEBUG:colcon.colcon_parallel_executor.executor.parallel:closing loop
[19.235s] DEBUG:colcon.colcon_parallel_executor.executor.parallel:loop closed
[19.236s] DEBUG:colcon.colcon_parallel_executor.executor.parallel:run_until_complete finished with '0'
[19.236s] DEBUG:colcon.colcon_core.event_reactor:joining thread
[19.244s] INFO:colcon.colcon_core.plugin_system:Skipping extension 'colcon_notification.desktop_notification.terminal_notifier': Not used on non-Darwin systems
[19.244s] INFO:colcon.colcon_core.plugin_system:Skipping extension 'colcon_notification.desktop_notification.win32': Not used on non-Windows systems
[19.244s] INFO:colcon.colcon_notification.desktop_notification:Sending desktop notification using 'notify2'
[19.259s] DEBUG:colcon.colcon_core.event_reactor:joined thread
[19.261s] INFO:colcon.colcon_core.shell:Creating prefix script '/home/angelo/toychain-ros2/install/local_setup.ps1'
[19.262s] INFO:colcon.colcon_core.shell:Creating prefix util module '/home/angelo/toychain-ros2/install/_local_setup_util_ps1.py'
[19.263s] INFO:colcon.colcon_core.shell:Creating prefix chain script '/home/angelo/toychain-ros2/install/setup.ps1'
[19.265s] INFO:colcon.colcon_core.shell:Creating prefix script '/home/angelo/toychain-ros2/install/local_setup.sh'
[19.265s] INFO:colcon.colcon_core.shell:Creating prefix util module '/home/angelo/toychain-ros2/install/_local_setup_util_sh.py'
[19.266s] INFO:colcon.colcon_core.shell:Creating prefix chain script '/home/angelo/toychain-ros2/install/setup.sh'
[19.267s] INFO:colcon.colcon_core.shell:Creating prefix script '/home/angelo/toychain-ros2/install/local_setup.bash'
[19.268s] INFO:colcon.colcon_core.shell:Creating prefix chain script '/home/angelo/toychain-ros2/install/setup.bash'
[19.269s] INFO:colcon.colcon_core.shell:Creating prefix script '/home/angelo/toychain-ros2/install/local_setup.zsh'
[19.270s] INFO:colcon.colcon_core.shell:Creating prefix chain script '/home/angelo/toychain-ros2/install/setup.zsh'
