[1.312s] Invoking command in '/home/angelo/toychain-ros2/src/multiturtlebots_controller_pkg': PYTHONPATH=/home/angelo/toychain-ros2/build/multiturtlebots_controller_pkg/prefix_override:/home/angelo/toychain-ros2/install/multiturtlebots_controller_pkg/lib/python3.8/site-packages:${PYTHONPATH} /usr/bin/python3 setup.py egg_info --egg-base ../../build/multiturtlebots_controller_pkg build --build-base /home/angelo/toychain-ros2/build/multiturtlebots_controller_pkg/build install --record /home/angelo/toychain-ros2/build/multiturtlebots_controller_pkg/install.log --install-scripts $base/lib/multiturtlebots_controller_pkg --single-version-externally-managed
[1.524s] running egg_info
[1.524s] writing ../../build/multiturtlebots_controller_pkg/multiturtlebots_controller_pkg.egg-info/PKG-INFO
[1.525s] writing dependency_links to ../../build/multiturtlebots_controller_pkg/multiturtlebots_controller_pkg.egg-info/dependency_links.txt
[1.525s] writing entry points to ../../build/multiturtlebots_controller_pkg/multiturtlebots_controller_pkg.egg-info/entry_points.txt
[1.525s] writing requirements to ../../build/multiturtlebots_controller_pkg/multiturtlebots_controller_pkg.egg-info/requires.txt
[1.525s] writing top-level names to ../../build/multiturtlebots_controller_pkg/multiturtlebots_controller_pkg.egg-info/top_level.txt
[1.557s] reading manifest file '../../build/multiturtlebots_controller_pkg/multiturtlebots_controller_pkg.egg-info/SOURCES.txt'
[1.558s] writing manifest file '../../build/multiturtlebots_controller_pkg/multiturtlebots_controller_pkg.egg-info/SOURCES.txt'
[1.558s] running build
[1.559s] running build_py
[1.560s] running install
[1.561s] running install_lib
[1.563s] running install_data
[1.563s] running install_egg_info
[1.565s] removing '/home/angelo/toychain-ros2/install/multiturtlebots_controller_pkg/lib/python3.8/site-packages/multiturtlebots_controller_pkg-0.0.0-py3.8.egg-info' (and everything under it)
[1.565s] Copying ../../build/multiturtlebots_controller_pkg/multiturtlebots_controller_pkg.egg-info to /home/angelo/toychain-ros2/install/multiturtlebots_controller_pkg/lib/python3.8/site-packages/multiturtlebots_controller_pkg-0.0.0-py3.8.egg-info
[1.566s] running install_scripts
[1.582s] Installing odometry_noise_1 script to /home/angelo/toychain-ros2/install/multiturtlebots_controller_pkg/lib/multiturtlebots_controller_pkg
[1.582s] Installing odometry_noise_2 script to /home/angelo/toychain-ros2/install/multiturtlebots_controller_pkg/lib/multiturtlebots_controller_pkg
[1.583s] Installing odometry_noise_3 script to /home/angelo/toychain-ros2/install/multiturtlebots_controller_pkg/lib/multiturtlebots_controller_pkg
[1.583s] Installing odometry_noise_4 script to /home/angelo/toychain-ros2/install/multiturtlebots_controller_pkg/lib/multiturtlebots_controller_pkg
[1.583s] Installing odometry_noise_5 script to /home/angelo/toychain-ros2/install/multiturtlebots_controller_pkg/lib/multiturtlebots_controller_pkg
[1.583s] Installing odometry_noise_6 script to /home/angelo/toychain-ros2/install/multiturtlebots_controller_pkg/lib/multiturtlebots_controller_pkg
[1.584s] Installing odometry_noise_7 script to /home/angelo/toychain-ros2/install/multiturtlebots_controller_pkg/lib/multiturtlebots_controller_pkg
[1.584s] Installing odometry_noise_8 script to /home/angelo/toychain-ros2/install/multiturtlebots_controller_pkg/lib/multiturtlebots_controller_pkg
[1.584s] Installing robot_controller_1 script to /home/angelo/toychain-ros2/install/multiturtlebots_controller_pkg/lib/multiturtlebots_controller_pkg
[1.584s] Installing robot_controller_2 script to /home/angelo/toychain-ros2/install/multiturtlebots_controller_pkg/lib/multiturtlebots_controller_pkg
[1.584s] Installing robot_controller_3 script to /home/angelo/toychain-ros2/install/multiturtlebots_controller_pkg/lib/multiturtlebots_controller_pkg
[1.585s] Installing robot_controller_4 script to /home/angelo/toychain-ros2/install/multiturtlebots_controller_pkg/lib/multiturtlebots_controller_pkg
[1.585s] Installing robot_controller_5 script to /home/angelo/toychain-ros2/install/multiturtlebots_controller_pkg/lib/multiturtlebots_controller_pkg
[1.585s] Installing robot_controller_6 script to /home/angelo/toychain-ros2/install/multiturtlebots_controller_pkg/lib/multiturtlebots_controller_pkg
[1.585s] Installing robot_controller_7 script to /home/angelo/toychain-ros2/install/multiturtlebots_controller_pkg/lib/multiturtlebots_controller_pkg
[1.586s] Installing robot_controller_8 script to /home/angelo/toychain-ros2/install/multiturtlebots_controller_pkg/lib/multiturtlebots_controller_pkg
[1.586s] Installing robot_estimator_1 script to /home/angelo/toychain-ros2/install/multiturtlebots_controller_pkg/lib/multiturtlebots_controller_pkg
[1.586s] Installing robot_estimator_2 script to /home/angelo/toychain-ros2/install/multiturtlebots_controller_pkg/lib/multiturtlebots_controller_pkg
[1.587s] Installing robot_estimator_3 script to /home/angelo/toychain-ros2/install/multiturtlebots_controller_pkg/lib/multiturtlebots_controller_pkg
[1.587s] Installing robot_estimator_4 script to /home/angelo/toychain-ros2/install/multiturtlebots_controller_pkg/lib/multiturtlebots_controller_pkg
[1.587s] Installing robot_estimator_5 script to /home/angelo/toychain-ros2/install/multiturtlebots_controller_pkg/lib/multiturtlebots_controller_pkg
[1.587s] Installing robot_estimator_6 script to /home/angelo/toychain-ros2/install/multiturtlebots_controller_pkg/lib/multiturtlebots_controller_pkg
[1.588s] Installing robot_estimator_7 script to /home/angelo/toychain-ros2/install/multiturtlebots_controller_pkg/lib/multiturtlebots_controller_pkg
[1.588s] Installing robot_estimator_8 script to /home/angelo/toychain-ros2/install/multiturtlebots_controller_pkg/lib/multiturtlebots_controller_pkg
[1.589s] writing list of installed files to '/home/angelo/toychain-ros2/build/multiturtlebots_controller_pkg/install.log'
[1.612s] Invoked command in '/home/angelo/toychain-ros2/src/multiturtlebots_controller_pkg' returned '0': PYTHONPATH=/home/angelo/toychain-ros2/build/multiturtlebots_controller_pkg/prefix_override:/home/angelo/toychain-ros2/install/multiturtlebots_controller_pkg/lib/python3.8/site-packages:${PYTHONPATH} /usr/bin/python3 setup.py egg_info --egg-base ../../build/multiturtlebots_controller_pkg build --build-base /home/angelo/toychain-ros2/build/multiturtlebots_controller_pkg/build install --record /home/angelo/toychain-ros2/build/multiturtlebots_controller_pkg/install.log --install-scripts $base/lib/multiturtlebots_controller_pkg --single-version-externally-managed
