running egg_info
creating ../../build/multiturtlebots_controller_pkg/multiturtlebots_controller_pkg.egg-info
writing ../../build/multiturtlebots_controller_pkg/multiturtlebots_controller_pkg.egg-info/PKG-INFO
writing dependency_links to ../../build/multiturtlebots_controller_pkg/multiturtlebots_controller_pkg.egg-info/dependency_links.txt
writing entry points to ../../build/multiturtlebots_controller_pkg/multiturtlebots_controller_pkg.egg-info/entry_points.txt
writing requirements to ../../build/multiturtlebots_controller_pkg/multiturtlebots_controller_pkg.egg-info/requires.txt
writing top-level names to ../../build/multiturtlebots_controller_pkg/multiturtlebots_controller_pkg.egg-info/top_level.txt
writing manifest file '../../build/multiturtlebots_controller_pkg/multiturtlebots_controller_pkg.egg-info/SOURCES.txt'
reading manifest file '../../build/multiturtlebots_controller_pkg/multiturtlebots_controller_pkg.egg-info/SOURCES.txt'
writing manifest file '../../build/multiturtlebots_controller_pkg/multiturtlebots_controller_pkg.egg-info/SOURCES.txt'
running build
running build_py
creating /home/angelo/toychain-ros2/build/multiturtlebots_controller_pkg/build
creating /home/angelo/toychain-ros2/build/multiturtlebots_controller_pkg/build/lib
creating /home/angelo/toychain-ros2/build/multiturtlebots_controller_pkg/build/lib/multiturtlebots_controller_pkg
copying multiturtlebots_controller_pkg/__init__.py -> /home/angelo/toychain-ros2/build/multiturtlebots_controller_pkg/build/lib/multiturtlebots_controller_pkg
copying multiturtlebots_controller_pkg/robot_estimator_1.py -> /home/angelo/toychain-ros2/build/multiturtlebots_controller_pkg/build/lib/multiturtlebots_controller_pkg
copying multiturtlebots_controller_pkg/odometry_noise_5.py -> /home/angelo/toychain-ros2/build/multiturtlebots_controller_pkg/build/lib/multiturtlebots_controller_pkg
copying multiturtlebots_controller_pkg/odometry_noise_8.py -> /home/angelo/toychain-ros2/build/multiturtlebots_controller_pkg/build/lib/multiturtlebots_controller_pkg
copying multiturtlebots_controller_pkg/odometry_noise_3.py -> /home/angelo/toychain-ros2/build/multiturtlebots_controller_pkg/build/lib/multiturtlebots_controller_pkg
copying multiturtlebots_controller_pkg/robot_estimator_8.py -> /home/angelo/toychain-ros2/build/multiturtlebots_controller_pkg/build/lib/multiturtlebots_controller_pkg
copying multiturtlebots_controller_pkg/robot_controller_2.py -> /home/angelo/toychain-ros2/build/multiturtlebots_controller_pkg/build/lib/multiturtlebots_controller_pkg
copying multiturtlebots_controller_pkg/robot_controller_8.py -> /home/angelo/toychain-ros2/build/multiturtlebots_controller_pkg/build/lib/multiturtlebots_controller_pkg
copying multiturtlebots_controller_pkg/odometry_noise_1.py -> /home/angelo/toychain-ros2/build/multiturtlebots_controller_pkg/build/lib/multiturtlebots_controller_pkg
copying multiturtlebots_controller_pkg/robot_controller_4.py -> /home/angelo/toychain-ros2/build/multiturtlebots_controller_pkg/build/lib/multiturtlebots_controller_pkg
copying multiturtlebots_controller_pkg/robot_estimator_6.py -> /home/angelo/toychain-ros2/build/multiturtlebots_controller_pkg/build/lib/multiturtlebots_controller_pkg
copying multiturtlebots_controller_pkg/odometry_noise_2.py -> /home/angelo/toychain-ros2/build/multiturtlebots_controller_pkg/build/lib/multiturtlebots_controller_pkg
copying multiturtlebots_controller_pkg/odometry_noise_7.py -> /home/angelo/toychain-ros2/build/multiturtlebots_controller_pkg/build/lib/multiturtlebots_controller_pkg
copying multiturtlebots_controller_pkg/robot_estimator_5.py -> /home/angelo/toychain-ros2/build/multiturtlebots_controller_pkg/build/lib/multiturtlebots_controller_pkg
copying multiturtlebots_controller_pkg/odometry_noise_4.py -> /home/angelo/toychain-ros2/build/multiturtlebots_controller_pkg/build/lib/multiturtlebots_controller_pkg
copying multiturtlebots_controller_pkg/robot_estimator_4.py -> /home/angelo/toychain-ros2/build/multiturtlebots_controller_pkg/build/lib/multiturtlebots_controller_pkg
copying multiturtlebots_controller_pkg/robot_estimator_7.py -> /home/angelo/toychain-ros2/build/multiturtlebots_controller_pkg/build/lib/multiturtlebots_controller_pkg
copying multiturtlebots_controller_pkg/robot_controller_3.py -> /home/angelo/toychain-ros2/build/multiturtlebots_controller_pkg/build/lib/multiturtlebots_controller_pkg
copying multiturtlebots_controller_pkg/robot_controller_1.py -> /home/angelo/toychain-ros2/build/multiturtlebots_controller_pkg/build/lib/multiturtlebots_controller_pkg
copying multiturtlebots_controller_pkg/robot_estimator_3.py -> /home/angelo/toychain-ros2/build/multiturtlebots_controller_pkg/build/lib/multiturtlebots_controller_pkg
copying multiturtlebots_controller_pkg/robot_controller_6.py -> /home/angelo/toychain-ros2/build/multiturtlebots_controller_pkg/build/lib/multiturtlebots_controller_pkg
copying multiturtlebots_controller_pkg/odometry_noise_6.py -> /home/angelo/toychain-ros2/build/multiturtlebots_controller_pkg/build/lib/multiturtlebots_controller_pkg
copying multiturtlebots_controller_pkg/robot_controller_7.py -> /home/angelo/toychain-ros2/build/multiturtlebots_controller_pkg/build/lib/multiturtlebots_controller_pkg
copying multiturtlebots_controller_pkg/robot_estimator_2.py -> /home/angelo/toychain-ros2/build/multiturtlebots_controller_pkg/build/lib/multiturtlebots_controller_pkg
copying multiturtlebots_controller_pkg/robot_controller_5.py -> /home/angelo/toychain-ros2/build/multiturtlebots_controller_pkg/build/lib/multiturtlebots_controller_pkg
running install
running install_lib
creating /home/angelo/toychain-ros2/install/multiturtlebots_controller_pkg/lib/python3.8/site-packages/multiturtlebots_controller_pkg
copying /home/angelo/toychain-ros2/build/multiturtlebots_controller_pkg/build/lib/multiturtlebots_controller_pkg/__init__.py -> /home/angelo/toychain-ros2/install/multiturtlebots_controller_pkg/lib/python3.8/site-packages/multiturtlebots_controller_pkg
copying /home/angelo/toychain-ros2/build/multiturtlebots_controller_pkg/build/lib/multiturtlebots_controller_pkg/robot_estimator_1.py -> /home/angelo/toychain-ros2/install/multiturtlebots_controller_pkg/lib/python3.8/site-packages/multiturtlebots_controller_pkg
copying /home/angelo/toychain-ros2/build/multiturtlebots_controller_pkg/build/lib/multiturtlebots_controller_pkg/odometry_noise_5.py -> /home/angelo/toychain-ros2/install/multiturtlebots_controller_pkg/lib/python3.8/site-packages/multiturtlebots_controller_pkg
copying /home/angelo/toychain-ros2/build/multiturtlebots_controller_pkg/build/lib/multiturtlebots_controller_pkg/odometry_noise_8.py -> /home/angelo/toychain-ros2/install/multiturtlebots_controller_pkg/lib/python3.8/site-packages/multiturtlebots_controller_pkg
copying /home/angelo/toychain-ros2/build/multiturtlebots_controller_pkg/build/lib/multiturtlebots_controller_pkg/odometry_noise_3.py -> /home/angelo/toychain-ros2/install/multiturtlebots_controller_pkg/lib/python3.8/site-packages/multiturtlebots_controller_pkg
copying /home/angelo/toychain-ros2/build/multiturtlebots_controller_pkg/build/lib/multiturtlebots_controller_pkg/robot_estimator_8.py -> /home/angelo/toychain-ros2/install/multiturtlebots_controller_pkg/lib/python3.8/site-packages/multiturtlebots_controller_pkg
copying /home/angelo/toychain-ros2/build/multiturtlebots_controller_pkg/build/lib/multiturtlebots_controller_pkg/robot_controller_2.py -> /home/angelo/toychain-ros2/install/multiturtlebots_controller_pkg/lib/python3.8/site-packages/multiturtlebots_controller_pkg
copying /home/angelo/toychain-ros2/build/multiturtlebots_controller_pkg/build/lib/multiturtlebots_controller_pkg/robot_controller_8.py -> /home/angelo/toychain-ros2/install/multiturtlebots_controller_pkg/lib/python3.8/site-packages/multiturtlebots_controller_pkg
copying /home/angelo/toychain-ros2/build/multiturtlebots_controller_pkg/build/lib/multiturtlebots_controller_pkg/odometry_noise_1.py -> /home/angelo/toychain-ros2/install/multiturtlebots_controller_pkg/lib/python3.8/site-packages/multiturtlebots_controller_pkg
copying /home/angelo/toychain-ros2/build/multiturtlebots_controller_pkg/build/lib/multiturtlebots_controller_pkg/robot_controller_4.py -> /home/angelo/toychain-ros2/install/multiturtlebots_controller_pkg/lib/python3.8/site-packages/multiturtlebots_controller_pkg
copying /home/angelo/toychain-ros2/build/multiturtlebots_controller_pkg/build/lib/multiturtlebots_controller_pkg/robot_estimator_6.py -> /home/angelo/toychain-ros2/install/multiturtlebots_controller_pkg/lib/python3.8/site-packages/multiturtlebots_controller_pkg
copying /home/angelo/toychain-ros2/build/multiturtlebots_controller_pkg/build/lib/multiturtlebots_controller_pkg/odometry_noise_2.py -> /home/angelo/toychain-ros2/install/multiturtlebots_controller_pkg/lib/python3.8/site-packages/multiturtlebots_controller_pkg
copying /home/angelo/toychain-ros2/build/multiturtlebots_controller_pkg/build/lib/multiturtlebots_controller_pkg/odometry_noise_7.py -> /home/angelo/toychain-ros2/install/multiturtlebots_controller_pkg/lib/python3.8/site-packages/multiturtlebots_controller_pkg
copying /home/angelo/toychain-ros2/build/multiturtlebots_controller_pkg/build/lib/multiturtlebots_controller_pkg/robot_estimator_5.py -> /home/angelo/toychain-ros2/install/multiturtlebots_controller_pkg/lib/python3.8/site-packages/multiturtlebots_controller_pkg
copying /home/angelo/toychain-ros2/build/multiturtlebots_controller_pkg/build/lib/multiturtlebots_controller_pkg/odometry_noise_4.py -> /home/angelo/toychain-ros2/install/multiturtlebots_controller_pkg/lib/python3.8/site-packages/multiturtlebots_controller_pkg
copying /home/angelo/toychain-ros2/build/multiturtlebots_controller_pkg/build/lib/multiturtlebots_controller_pkg/robot_estimator_4.py -> /home/angelo/toychain-ros2/install/multiturtlebots_controller_pkg/lib/python3.8/site-packages/multiturtlebots_controller_pkg
copying /home/angelo/toychain-ros2/build/multiturtlebots_controller_pkg/build/lib/multiturtlebots_controller_pkg/robot_estimator_7.py -> /home/angelo/toychain-ros2/install/multiturtlebots_controller_pkg/lib/python3.8/site-packages/multiturtlebots_controller_pkg
copying /home/angelo/toychain-ros2/build/multiturtlebots_controller_pkg/build/lib/multiturtlebots_controller_pkg/robot_controller_3.py -> /home/angelo/toychain-ros2/install/multiturtlebots_controller_pkg/lib/python3.8/site-packages/multiturtlebots_controller_pkg
copying /home/angelo/toychain-ros2/build/multiturtlebots_controller_pkg/build/lib/multiturtlebots_controller_pkg/robot_controller_1.py -> /home/angelo/toychain-ros2/install/multiturtlebots_controller_pkg/lib/python3.8/site-packages/multiturtlebots_controller_pkg
copying /home/angelo/toychain-ros2/build/multiturtlebots_controller_pkg/build/lib/multiturtlebots_controller_pkg/robot_estimator_3.py -> /home/angelo/toychain-ros2/install/multiturtlebots_controller_pkg/lib/python3.8/site-packages/multiturtlebots_controller_pkg
copying /home/angelo/toychain-ros2/build/multiturtlebots_controller_pkg/build/lib/multiturtlebots_controller_pkg/robot_controller_6.py -> /home/angelo/toychain-ros2/install/multiturtlebots_controller_pkg/lib/python3.8/site-packages/multiturtlebots_controller_pkg
copying /home/angelo/toychain-ros2/build/multiturtlebots_controller_pkg/build/lib/multiturtlebots_controller_pkg/odometry_noise_6.py -> /home/angelo/toychain-ros2/install/multiturtlebots_controller_pkg/lib/python3.8/site-packages/multiturtlebots_controller_pkg
copying /home/angelo/toychain-ros2/build/multiturtlebots_controller_pkg/build/lib/multiturtlebots_controller_pkg/robot_controller_7.py -> /home/angelo/toychain-ros2/install/multiturtlebots_controller_pkg/lib/python3.8/site-packages/multiturtlebots_controller_pkg
copying /home/angelo/toychain-ros2/build/multiturtlebots_controller_pkg/build/lib/multiturtlebots_controller_pkg/robot_estimator_2.py -> /home/angelo/toychain-ros2/install/multiturtlebots_controller_pkg/lib/python3.8/site-packages/multiturtlebots_controller_pkg
copying /home/angelo/toychain-ros2/build/multiturtlebots_controller_pkg/build/lib/multiturtlebots_controller_pkg/robot_controller_5.py -> /home/angelo/toychain-ros2/install/multiturtlebots_controller_pkg/lib/python3.8/site-packages/multiturtlebots_controller_pkg
byte-compiling /home/angelo/toychain-ros2/install/multiturtlebots_controller_pkg/lib/python3.8/site-packages/multiturtlebots_controller_pkg/__init__.py to __init__.cpython-38.pyc
byte-compiling /home/angelo/toychain-ros2/install/multiturtlebots_controller_pkg/lib/python3.8/site-packages/multiturtlebots_controller_pkg/robot_estimator_1.py to robot_estimator_1.cpython-38.pyc
byte-compiling /home/angelo/toychain-ros2/install/multiturtlebots_controller_pkg/lib/python3.8/site-packages/multiturtlebots_controller_pkg/odometry_noise_5.py to odometry_noise_5.cpython-38.pyc
byte-compiling /home/angelo/toychain-ros2/install/multiturtlebots_controller_pkg/lib/python3.8/site-packages/multiturtlebots_controller_pkg/odometry_noise_8.py to odometry_noise_8.cpython-38.pyc
byte-compiling /home/angelo/toychain-ros2/install/multiturtlebots_controller_pkg/lib/python3.8/site-packages/multiturtlebots_controller_pkg/odometry_noise_3.py to odometry_noise_3.cpython-38.pyc
byte-compiling /home/angelo/toychain-ros2/install/multiturtlebots_controller_pkg/lib/python3.8/site-packages/multiturtlebots_controller_pkg/robot_estimator_8.py to robot_estimator_8.cpython-38.pyc
byte-compiling /home/angelo/toychain-ros2/install/multiturtlebots_controller_pkg/lib/python3.8/site-packages/multiturtlebots_controller_pkg/robot_controller_2.py to robot_controller_2.cpython-38.pyc
byte-compiling /home/angelo/toychain-ros2/install/multiturtlebots_controller_pkg/lib/python3.8/site-packages/multiturtlebots_controller_pkg/robot_controller_8.py to robot_controller_8.cpython-38.pyc
byte-compiling /home/angelo/toychain-ros2/install/multiturtlebots_controller_pkg/lib/python3.8/site-packages/multiturtlebots_controller_pkg/odometry_noise_1.py to odometry_noise_1.cpython-38.pyc
byte-compiling /home/angelo/toychain-ros2/install/multiturtlebots_controller_pkg/lib/python3.8/site-packages/multiturtlebots_controller_pkg/robot_controller_4.py to robot_controller_4.cpython-38.pyc
byte-compiling /home/angelo/toychain-ros2/install/multiturtlebots_controller_pkg/lib/python3.8/site-packages/multiturtlebots_controller_pkg/robot_estimator_6.py to robot_estimator_6.cpython-38.pyc
byte-compiling /home/angelo/toychain-ros2/install/multiturtlebots_controller_pkg/lib/python3.8/site-packages/multiturtlebots_controller_pkg/odometry_noise_2.py to odometry_noise_2.cpython-38.pyc
byte-compiling /home/angelo/toychain-ros2/install/multiturtlebots_controller_pkg/lib/python3.8/site-packages/multiturtlebots_controller_pkg/odometry_noise_7.py to odometry_noise_7.cpython-38.pyc
byte-compiling /home/angelo/toychain-ros2/install/multiturtlebots_controller_pkg/lib/python3.8/site-packages/multiturtlebots_controller_pkg/robot_estimator_5.py to robot_estimator_5.cpython-38.pyc
byte-compiling /home/angelo/toychain-ros2/install/multiturtlebots_controller_pkg/lib/python3.8/site-packages/multiturtlebots_controller_pkg/odometry_noise_4.py to odometry_noise_4.cpython-38.pyc
byte-compiling /home/angelo/toychain-ros2/install/multiturtlebots_controller_pkg/lib/python3.8/site-packages/multiturtlebots_controller_pkg/robot_estimator_4.py to robot_estimator_4.cpython-38.pyc
byte-compiling /home/angelo/toychain-ros2/install/multiturtlebots_controller_pkg/lib/python3.8/site-packages/multiturtlebots_controller_pkg/robot_estimator_7.py to robot_estimator_7.cpython-38.pyc
byte-compiling /home/angelo/toychain-ros2/install/multiturtlebots_controller_pkg/lib/python3.8/site-packages/multiturtlebots_controller_pkg/robot_controller_3.py to robot_controller_3.cpython-38.pyc
byte-compiling /home/angelo/toychain-ros2/install/multiturtlebots_controller_pkg/lib/python3.8/site-packages/multiturtlebots_controller_pkg/robot_controller_1.py to robot_controller_1.cpython-38.pyc
byte-compiling /home/angelo/toychain-ros2/install/multiturtlebots_controller_pkg/lib/python3.8/site-packages/multiturtlebots_controller_pkg/robot_estimator_3.py to robot_estimator_3.cpython-38.pyc
byte-compiling /home/angelo/toychain-ros2/install/multiturtlebots_controller_pkg/lib/python3.8/site-packages/multiturtlebots_controller_pkg/robot_controller_6.py to robot_controller_6.cpython-38.pyc
byte-compiling /home/angelo/toychain-ros2/install/multiturtlebots_controller_pkg/lib/python3.8/site-packages/multiturtlebots_controller_pkg/odometry_noise_6.py to odometry_noise_6.cpython-38.pyc
byte-compiling /home/angelo/toychain-ros2/install/multiturtlebots_controller_pkg/lib/python3.8/site-packages/multiturtlebots_controller_pkg/robot_controller_7.py to robot_controller_7.cpython-38.pyc
byte-compiling /home/angelo/toychain-ros2/install/multiturtlebots_controller_pkg/lib/python3.8/site-packages/multiturtlebots_controller_pkg/robot_estimator_2.py to robot_estimator_2.cpython-38.pyc
byte-compiling /home/angelo/toychain-ros2/install/multiturtlebots_controller_pkg/lib/python3.8/site-packages/multiturtlebots_controller_pkg/robot_controller_5.py to robot_controller_5.cpython-38.pyc
running install_data
creating /home/angelo/toychain-ros2/install/multiturtlebots_controller_pkg/share/ament_index
creating /home/angelo/toychain-ros2/install/multiturtlebots_controller_pkg/share/ament_index/resource_index
creating /home/angelo/toychain-ros2/install/multiturtlebots_controller_pkg/share/ament_index/resource_index/packages
copying resource/multiturtlebots_controller_pkg -> /home/angelo/toychain-ros2/install/multiturtlebots_controller_pkg/share/ament_index/resource_index/packages
copying package.xml -> /home/angelo/toychain-ros2/install/multiturtlebots_controller_pkg/share/multiturtlebots_controller_pkg
copying launch/controller_estimator.launch.py -> /home/angelo/toychain-ros2/install/multiturtlebots_controller_pkg/share/multiturtlebots_controller_pkg
creating /home/angelo/toychain-ros2/install/multiturtlebots_controller_pkg/share/cslam_interfaces
creating /home/angelo/toychain-ros2/install/multiturtlebots_controller_pkg/share/cslam_interfaces/cslam_common_interfaces
running install_egg_info
Copying ../../build/multiturtlebots_controller_pkg/multiturtlebots_controller_pkg.egg-info to /home/angelo/toychain-ros2/install/multiturtlebots_controller_pkg/lib/python3.8/site-packages/multiturtlebots_controller_pkg-0.0.0-py3.8.egg-info
running install_scripts
Installing odometry_noise_1 script to /home/angelo/toychain-ros2/install/multiturtlebots_controller_pkg/lib/multiturtlebots_controller_pkg
Installing odometry_noise_2 script to /home/angelo/toychain-ros2/install/multiturtlebots_controller_pkg/lib/multiturtlebots_controller_pkg
Installing odometry_noise_3 script to /home/angelo/toychain-ros2/install/multiturtlebots_controller_pkg/lib/multiturtlebots_controller_pkg
Installing odometry_noise_4 script to /home/angelo/toychain-ros2/install/multiturtlebots_controller_pkg/lib/multiturtlebots_controller_pkg
Installing odometry_noise_5 script to /home/angelo/toychain-ros2/install/multiturtlebots_controller_pkg/lib/multiturtlebots_controller_pkg
Installing odometry_noise_6 script to /home/angelo/toychain-ros2/install/multiturtlebots_controller_pkg/lib/multiturtlebots_controller_pkg
Installing odometry_noise_7 script to /home/angelo/toychain-ros2/install/multiturtlebots_controller_pkg/lib/multiturtlebots_controller_pkg
Installing odometry_noise_8 script to /home/angelo/toychain-ros2/install/multiturtlebots_controller_pkg/lib/multiturtlebots_controller_pkg
Installing robot_controller_1 script to /home/angelo/toychain-ros2/install/multiturtlebots_controller_pkg/lib/multiturtlebots_controller_pkg
Installing robot_controller_2 script to /home/angelo/toychain-ros2/install/multiturtlebots_controller_pkg/lib/multiturtlebots_controller_pkg
Installing robot_controller_3 script to /home/angelo/toychain-ros2/install/multiturtlebots_controller_pkg/lib/multiturtlebots_controller_pkg
Installing robot_controller_4 script to /home/angelo/toychain-ros2/install/multiturtlebots_controller_pkg/lib/multiturtlebots_controller_pkg
Installing robot_controller_5 script to /home/angelo/toychain-ros2/install/multiturtlebots_controller_pkg/lib/multiturtlebots_controller_pkg
Installing robot_controller_6 script to /home/angelo/toychain-ros2/install/multiturtlebots_controller_pkg/lib/multiturtlebots_controller_pkg
Installing robot_controller_7 script to /home/angelo/toychain-ros2/install/multiturtlebots_controller_pkg/lib/multiturtlebots_controller_pkg
Installing robot_controller_8 script to /home/angelo/toychain-ros2/install/multiturtlebots_controller_pkg/lib/multiturtlebots_controller_pkg
Installing robot_estimator_1 script to /home/angelo/toychain-ros2/install/multiturtlebots_controller_pkg/lib/multiturtlebots_controller_pkg
Installing robot_estimator_2 script to /home/angelo/toychain-ros2/install/multiturtlebots_controller_pkg/lib/multiturtlebots_controller_pkg
Installing robot_estimator_3 script to /home/angelo/toychain-ros2/install/multiturtlebots_controller_pkg/lib/multiturtlebots_controller_pkg
Installing robot_estimator_4 script to /home/angelo/toychain-ros2/install/multiturtlebots_controller_pkg/lib/multiturtlebots_controller_pkg
Installing robot_estimator_5 script to /home/angelo/toychain-ros2/install/multiturtlebots_controller_pkg/lib/multiturtlebots_controller_pkg
Installing robot_estimator_6 script to /home/angelo/toychain-ros2/install/multiturtlebots_controller_pkg/lib/multiturtlebots_controller_pkg
Installing robot_estimator_7 script to /home/angelo/toychain-ros2/install/multiturtlebots_controller_pkg/lib/multiturtlebots_controller_pkg
Installing robot_estimator_8 script to /home/angelo/toychain-ros2/install/multiturtlebots_controller_pkg/lib/multiturtlebots_controller_pkg
writing list of installed files to '/home/angelo/toychain-ros2/build/multiturtlebots_controller_pkg/install.log'
